[19:37:09.544] Global cache location '/home/thawes/.cache/typescript/4.5', safe file path '/home/thawes/src/projects/ExercisesForProgrammers/Javascript/React/solution-02/node_modules/typescript/lib/typingSafeList.json', types map path /home/thawes/src/projects/ExercisesForProgrammers/Javascript/React/solution-02/node_modules/typescript/lib/typesMap.json
[19:37:09.545] Processing cache location '/home/thawes/.cache/typescript/4.5'
[19:37:09.545] Trying to find '/home/thawes/.cache/typescript/4.5/package.json'...
[19:37:09.546] Loaded content of '/home/thawes/.cache/typescript/4.5/package.json': {"private":true,"dependencies":{"types-registry":"^0.1.580"},"devDependencies":{"@types/abbrev":"^1.1.2","@types/accepts":"^1.3.5","@types/argparse":"^2.0.10","@types/arr-diff":"^4.0.0","@types/arr-union":"^3.1.0","@types/array-unique":"^0.3.0","@types/array.prototype.flat":"^1.2.1","@types/atob":"^2.1.2","@types/babel__core":"^7.1.18","@types/babel__preset-env":"^7.9.2","@types/balanced-match":"^1.0.2","@types/body":"^5.1.1","@types/body-parser":"^1.19.2","@types/brace-expansion":"^1.1.0","@types/braces":"^3.0.1","@types/bser":"^2.0.1","@types/buffer-from":"^1.1.0","@types/bytes":"^3.1.1","@types/cacheable-request":"^6.0.2","@types/call-bind":"^1.0.0","@types/caniuse-lite":"^1.0.1","@types/co":"^4.6.3","@types/color-convert":"^2.0.0","@types/color-name":"^1.1.1","@types/combined-stream":"^1.0.3","@types/component-emitter":"^1.2.11","@types/concat-map":"0.0.1","@types/configstore":"^5.0.1","@types/content-disposition":"^0.5.4","@types/content-type":"^1.1.5","@types/convert-source-map":"^1.5.2","@types/cookie":"^0.4.1","@types/cookie-signature":"^1.0.4","@types/core-js":"^2.5.5","@types/cors":"^2.8.12","@types/cross-spawn":"^6.0.2","@types/cssom":"^0.4.1","@types/cssstyle":"^2.2.1","@types/data-urls":"^2.0.1","@types/debug":"^4.1.7","@types/decode-uri-component":"^0.2.0","@types/deep-extend":"^0.4.32","@types/define-properties":"^1.1.3","@types/depd":"^1.1.32","@types/destroy":"^1.0.0","@types/doctrine":"0.0.5","@types/domexception":"^2.0.1","@types/duplexer3":"^0.1.1","@types/ee-first":"^1.1.0","@types/encodeurl":"^1.0.0","@types/end-of-stream":"^1.4.1","@types/es-abstract":"^1.17.3","@types/es-to-primitive":"^1.2.4","@types/escape-html":"^1.0.1","@types/escodegen":"0.0.7","@types/eslint":"^8.4.1","@types/eslint-scope":"^3.7.3","@types/eslint-utils":"^3.0.1","@types/eslint-visitor-keys":"^1.0.0","@types/esprima":"^4.0.3","@types/esquery":"^1.0.2","@types/estraverse":"^5.1.1","@types/esutils":"^2.0.0","@types/etag":"^1.8.1","@types/exit":"^0.1.31","@types/express":"^4.17.13","@types/fast-levenshtein":"0.0.2","@types/fb-watchman":"^2.0.1","@types/file-entry-cache":"^5.0.2","@types/fill-range":"^7.0.0","@types/finalhandler":"^1.1.1","@types/flat-cache":"^2.0.0","@types/follow-redirects":"^1.13.1","@types/forwarded":"^0.1.0","@types/fresh":"^0.5.0","@types/fs-readdir-recursive":"^1.0.0","@types/function-bind":"^1.1.6","@types/functional-red-black-tree":"^1.0.1","@types/get-intrinsic":"^1.0.0","@types/get-value":"^3.0.2","@types/glob":"^7.2.0","@types/glob-parent":"^5.1.1","@types/got":"^9.6.12","@types/graceful-fs":"^4.1.5","@types/has":"^1.0.0","@types/has-symbols":"^1.0.0","@types/hosted-git-info":"^3.0.2","@types/html-encoding-sniffer":"^2.0.2","@types/html-escaper":"^3.0.0","@types/http-cache-semantics":"^4.0.1","@types/http-errors":"^1.8.1","@types/imurmurhash":"^0.1.1","@types/inherits":"0.0.30","@types/ini":"^1.3.31","@types/internal-slot":"^1.0.1","@types/is-bigint":"^1.0.0","@types/is-boolean-object":"^1.1.0","@types/is-buffer":"^2.0.0","@types/is-callable":"^1.1.0","@types/is-ci":"^3.0.0","@types/is-core-module":"^2.2.0","@types/is-data-descriptor":"^1.0.0","@types/is-date-object":"^1.0.2","@types/is-glob":"^4.0.2","@types/is-number":"^7.0.2","@types/is-regex":"^1.0.0","@types/is-string":"^1.0.0","@types/is-typedarray":"^1.0.0","@types/is-windows":"^1.0.0","@types/isarray":"^2.0.0","@types/isexe":"^2.0.1","@types/istanbul-lib-coverage":"^2.0.4","@types/istanbul-lib-instrument":"^1.7.4","@types/istanbul-lib-report":"^3.0.0","@types/istanbul-lib-source-maps":"^4.0.1","@types/istanbul-reports":"^3.0.1","@types/jest":"^27.4.0","@types/js-yaml":"^4.0.5","@types/jsdom":"^16.2.14","@types/jsesc":"^3.0.1","@types/json-buffer":"^3.0.0","@types/keyv":"^3.1.3","@types/kind-of":"^6.0.0","@types/lodash":"^4.14.178","@types/lodash.debounce":"^4.0.6","@types/lodash.merge":"^4.6.6","@types/lodash.truncate":"^4.4.6","@types/lru-cache":"^5.1.1","@types/media-typer":"^1.1.1","@types/merge-descriptors":"^1.0.1","@types/merge-stream":"^1.1.2","@types/methods":"^1.1.1","@types/micromatch":"^4.0.2","@types/mime":"^2.0.3","@types/mime-db":"^1.43.1","@types/mime-types":"^2.1.1","@types/minimatch":"^3.0.5","@types/minimist":"^1.2.2","@types/ms":"^0.7.31","@types/natural-compare":"^1.4.1","@types/negotiator":"^0.6.1","@types/nice-try":"^2.1.0","@types/node-int64":"^0.4.29","@types/node-notifier":"^8.0.2","@types/nodemon":"^1.19.1","@types/nopt":"^3.0.29","@types/normalize-package-data":"^2.4.1","@types/normalize-path":"^3.0.0","@types/nwsapi":"^2.2.2","@types/object-assign":"^4.0.30","@types/object-inspect":"^1.8.1","@types/object-keys":"^1.0.1","@types/object.pick":"^1.3.1","@types/on-finished":"^2.3.1","@types/once":"^1.4.0","@types/parse-json":"^4.0.0","@types/parse5":"^6.0.3","@types/parseurl":"^1.3.1","@types/pascalcase":"^1.0.1","@types/path-is-absolute":"^1.0.0","@types/path-parse":"^1.0.19","@types/picomatch":"^2.3.0","@types/pify":"^5.0.1","@types/prelude-ls":"^1.1.29","@types/progress":"^2.0.5","@types/prompts":"^2.0.14","@types/proxy-addr":"^2.0.0","@types/psl":"^1.1.0","@types/pump":"^1.1.1","@types/punycode":"^2.1.0","@types/qs":"^6.9.7","@types/range-parser":"^1.2.4","@types/rc":"^1.2.0","@types/react":"^17.0.38","@types/react-dom":"^17.0.11","@types/react-is":"^17.0.3","@types/regenerate":"^1.4.1","@types/regenerator-runtime":"^0.13.1","@types/regex-not":"^1.0.0","@types/registry-auth-token":"^4.2.1","@types/repeat-element":"^1.1.1","@types/repeat-string":"^1.6.3","@types/require-directory":"^2.1.2","@types/require-from-string":"^1.2.1","@types/resolve":"^1.20.1","@types/responselike":"^1.0.0","@types/rimraf":"^3.0.2","@types/rsvp":"^4.0.4","@types/safe-regex":"^1.1.3","@types/safer-buffer":"^2.1.0","@types/sane":"^2.0.1","@types/scheduler":"^0.16.2","@types/semver":"^7.3.9","@types/send":"^0.17.1","@types/serve-static":"^1.13.10","@types/set-value":"^4.0.1","@types/shebang-command":"^1.2.0","@types/signal-exit":"^3.0.1","@types/slice-ansi":"^5.0.0","@types/source-map-support":"^0.5.4","@types/spdx-correct":"^2.0.0","@types/spdx-expression-parse":"^3.0.1","@types/sprintf":"^0.1.0","@types/sprintf-js":"^1.1.2","@types/stack-utils":"^2.0.1","@types/statuses":"^2.0.0","@types/strip-final-newline":"^3.0.0","@types/supports-color":"^8.1.1","@types/symbol-tree":"^3.2.2","@types/text-table":"^0.2.2","@types/tmpl":"^1.0.0","@types/to-regex":"^3.0.0","@types/to-regex-range":"^5.0.0","@types/touch":"^3.1.2","@types/tough-cookie":"^4.0.1","@types/type-check":"^0.3.27","@types/type-detect":"^4.0.1","@types/type-is":"^1.6.3","@types/universalify":"^1.0.0","@types/update-notifier":"^5.1.0","@types/urix":"^0.1.0","@types/url-parse-lax":"^5.0.0","@types/utils-merge":"0.0.28","@types/uuid":"^8.3.4","@types/validate-npm-package-license":"^3.0.1","@types/vary":"^1.1.0","@types/w3c-hr-time":"^1.0.0","@types/w3c-xmlserializer":"^2.0.2","@types/webidl-conversions":"^6.1.1","@types/whatwg-encoding":"^1.0.0","@types/whatwg-mimetype":"^2.1.1","@types/whatwg-url":"^8.2.1","@types/which":"^2.0.1","@types/wrap-ansi":"^8.0.1","@types/write-file-atomic":"^3.0.3","@types/ws":"^8.2.2","@types/yallist":"^4.0.1","@types/yargs":"^17.0.8","@types/yargs-parser":"^20.2.1"}}
[19:37:09.546] Loaded content of '/home/thawes/.cache/typescript/4.5/package-lock.json'
[19:37:09.556] Adding entry into typings cache: 'abbrev' => '/home/thawes/.cache/typescript/4.5/node_modules/@types/abbrev/index.d.ts'
[19:37:09.559] Adding entry into typings cache: 'accepts' => '/home/thawes/.cache/typescript/4.5/node_modules/@types/accepts/index.d.ts'
[19:37:09.562] Adding entry into typings cache: 'argparse' => '/home/thawes/.cache/typescript/4.5/node_modules/@types/argparse/index.d.ts'
[19:37:09.564] Adding entry into typings cache: 'arr-diff' => '/home/thawes/.cache/typescript/4.5/node_modules/@types/arr-diff/index.d.ts'
[19:37:09.566] Adding entry into typings cache: 'arr-union' => '/home/thawes/.cache/typescript/4.5/node_modules/@types/arr-union/index.d.ts'
[19:37:09.568] Adding entry into typings cache: 'array-unique' => '/home/thawes/.cache/typescript/4.5/node_modules/@types/array-unique/index.d.ts'
[19:37:09.572] Adding entry into typings cache: 'array.prototype.flat' => '/home/thawes/.cache/typescript/4.5/node_modules/@types/array.prototype.flat/index.d.ts'
[19:37:09.574] Adding entry into typings cache: 'atob' => '/home/thawes/.cache/typescript/4.5/node_modules/@types/atob/index.d.ts'
[19:37:09.576] Adding entry into typings cache: 'babel__core' => '/home/thawes/.cache/typescript/4.5/node_modules/@types/babel__core/index.d.ts'
[19:37:09.578] Adding entry into typings cache: 'babel__preset-env' => '/home/thawes/.cache/typescript/4.5/node_modules/@types/babel__preset-env/index.d.ts'
[19:37:09.582] Adding entry into typings cache: 'balanced-match' => '/home/thawes/.cache/typescript/4.5/node_modules/@types/balanced-match/index.d.ts'
[19:37:09.583] Adding entry into typings cache: 'body' => '/home/thawes/.cache/typescript/4.5/node_modules/@types/body/index.d.ts'
[19:37:09.586] Adding entry into typings cache: 'body-parser' => '/home/thawes/.cache/typescript/4.5/node_modules/@types/body-parser/index.d.ts'
[19:37:09.587] Adding entry into typings cache: 'brace-expansion' => '/home/thawes/.cache/typescript/4.5/node_modules/@types/brace-expansion/index.d.ts'
[19:37:09.589] Adding entry into typings cache: 'braces' => '/home/thawes/.cache/typescript/4.5/node_modules/@types/braces/index.d.ts'
[19:37:09.591] Adding entry into typings cache: 'bser' => '/home/thawes/.cache/typescript/4.5/node_modules/@types/bser/index.d.ts'
[19:37:09.593] Adding entry into typings cache: 'buffer-from' => '/home/thawes/.cache/typescript/4.5/node_modules/@types/buffer-from/index.d.ts'
[19:37:09.595] Adding entry into typings cache: 'bytes' => '/home/thawes/.cache/typescript/4.5/node_modules/@types/bytes/index.d.ts'
[19:37:09.597] Adding entry into typings cache: 'cacheable-request' => '/home/thawes/.cache/typescript/4.5/node_modules/@types/cacheable-request/index.d.ts'
[19:37:09.599] Adding entry into typings cache: 'call-bind' => '/home/thawes/.cache/typescript/4.5/node_modules/@types/call-bind/index.d.ts'
[19:37:09.600] Adding entry into typings cache: 'caniuse-lite' => '/home/thawes/.cache/typescript/4.5/node_modules/@types/caniuse-lite/index.d.ts'
[19:37:09.601] Adding entry into typings cache: 'co' => '/home/thawes/.cache/typescript/4.5/node_modules/@types/co/index.d.ts'
[19:37:09.605] Adding entry into typings cache: 'color-convert' => '/home/thawes/.cache/typescript/4.5/node_modules/@types/color-convert/index.d.ts'
[19:37:09.608] Adding entry into typings cache: 'color-name' => '/home/thawes/.cache/typescript/4.5/node_modules/@types/color-name/index.d.ts'
[19:37:09.611] Adding entry into typings cache: 'combined-stream' => '/home/thawes/.cache/typescript/4.5/node_modules/@types/combined-stream/index.d.ts'
[19:37:09.612] Adding entry into typings cache: 'component-emitter' => '/home/thawes/.cache/typescript/4.5/node_modules/@types/component-emitter/index.d.ts'
[19:37:09.614] Adding entry into typings cache: 'concat-map' => '/home/thawes/.cache/typescript/4.5/node_modules/@types/concat-map/index.d.ts'
[19:37:09.615] Adding entry into typings cache: 'configstore' => '/home/thawes/.cache/typescript/4.5/node_modules/@types/configstore/index.d.ts'
[19:37:09.617] Adding entry into typings cache: 'content-disposition' => '/home/thawes/.cache/typescript/4.5/node_modules/@types/content-disposition/index.d.ts'
[19:37:09.618] Adding entry into typings cache: 'content-type' => '/home/thawes/.cache/typescript/4.5/node_modules/@types/content-type/index.d.ts'
[19:37:09.621] Adding entry into typings cache: 'convert-source-map' => '/home/thawes/.cache/typescript/4.5/node_modules/@types/convert-source-map/index.d.ts'
[19:37:09.623] Adding entry into typings cache: 'cookie' => '/home/thawes/.cache/typescript/4.5/node_modules/@types/cookie/index.d.ts'
[19:37:09.626] Adding entry into typings cache: 'cookie-signature' => '/home/thawes/.cache/typescript/4.5/node_modules/@types/cookie-signature/index.d.ts'
[19:37:09.629] Adding entry into typings cache: 'core-js' => '/home/thawes/.cache/typescript/4.5/node_modules/@types/core-js/index.d.ts'
[19:37:09.631] Adding entry into typings cache: 'cors' => '/home/thawes/.cache/typescript/4.5/node_modules/@types/cors/index.d.ts'
[19:37:09.632] Adding entry into typings cache: 'cross-spawn' => '/home/thawes/.cache/typescript/4.5/node_modules/@types/cross-spawn/index.d.ts'
[19:37:09.634] Adding entry into typings cache: 'cssom' => '/home/thawes/.cache/typescript/4.5/node_modules/@types/cssom/index.d.ts'
[19:37:09.635] Adding entry into typings cache: 'cssstyle' => '/home/thawes/.cache/typescript/4.5/node_modules/@types/cssstyle/index.d.ts'
[19:37:09.636] Adding entry into typings cache: 'data-urls' => '/home/thawes/.cache/typescript/4.5/node_modules/@types/data-urls/index.d.ts'
[19:37:09.637] Adding entry into typings cache: 'debug' => '/home/thawes/.cache/typescript/4.5/node_modules/@types/debug/index.d.ts'
[19:37:09.638] Adding entry into typings cache: 'decode-uri-component' => '/home/thawes/.cache/typescript/4.5/node_modules/@types/decode-uri-component/index.d.ts'
[19:37:09.640] Adding entry into typings cache: 'deep-extend' => '/home/thawes/.cache/typescript/4.5/node_modules/@types/deep-extend/index.d.ts'
[19:37:09.643] Adding entry into typings cache: 'define-properties' => '/home/thawes/.cache/typescript/4.5/node_modules/@types/define-properties/index.d.ts'
[19:37:09.644] Adding entry into typings cache: 'depd' => '/home/thawes/.cache/typescript/4.5/node_modules/@types/depd/index.d.ts'
[19:37:09.645] Adding entry into typings cache: 'destroy' => '/home/thawes/.cache/typescript/4.5/node_modules/@types/destroy/index.d.ts'
[19:37:09.646] Adding entry into typings cache: 'doctrine' => '/home/thawes/.cache/typescript/4.5/node_modules/@types/doctrine/index.d.ts'
[19:37:09.647] Adding entry into typings cache: 'domexception' => '/home/thawes/.cache/typescript/4.5/node_modules/@types/domexception/index.d.ts'
[19:37:09.648] Adding entry into typings cache: 'duplexer3' => '/home/thawes/.cache/typescript/4.5/node_modules/@types/duplexer3/index.d.ts'
[19:37:09.650] Adding entry into typings cache: 'ee-first' => '/home/thawes/.cache/typescript/4.5/node_modules/@types/ee-first/index.d.ts'
[19:37:09.651] Adding entry into typings cache: 'encodeurl' => '/home/thawes/.cache/typescript/4.5/node_modules/@types/encodeurl/index.d.ts'
[19:37:09.653] Adding entry into typings cache: 'end-of-stream' => '/home/thawes/.cache/typescript/4.5/node_modules/@types/end-of-stream/index.d.ts'
[19:37:09.654] Adding entry into typings cache: 'es-abstract' => '/home/thawes/.cache/typescript/4.5/node_modules/@types/es-abstract/index.d.ts'
[19:37:09.655] Adding entry into typings cache: 'es-to-primitive' => '/home/thawes/.cache/typescript/4.5/node_modules/@types/es-to-primitive/index.d.ts'
[19:37:09.655] Adding entry into typings cache: 'escape-html' => '/home/thawes/.cache/typescript/4.5/node_modules/@types/escape-html/index.d.ts'
[19:37:09.656] Adding entry into typings cache: 'escodegen' => '/home/thawes/.cache/typescript/4.5/node_modules/@types/escodegen/index.d.ts'
[19:37:09.657] Adding entry into typings cache: 'eslint' => '/home/thawes/.cache/typescript/4.5/node_modules/@types/eslint/index.d.ts'
[19:37:09.658] Adding entry into typings cache: 'eslint-scope' => '/home/thawes/.cache/typescript/4.5/node_modules/@types/eslint-scope/index.d.ts'
[19:37:09.659] Adding entry into typings cache: 'eslint-utils' => '/home/thawes/.cache/typescript/4.5/node_modules/@types/eslint-utils/index.d.ts'
[19:37:09.660] Adding entry into typings cache: 'eslint-visitor-keys' => '/home/thawes/.cache/typescript/4.5/node_modules/@types/eslint-visitor-keys/index.d.ts'
[19:37:09.661] Adding entry into typings cache: 'esprima' => '/home/thawes/.cache/typescript/4.5/node_modules/@types/esprima/index.d.ts'
[19:37:09.662] Adding entry into typings cache: 'esquery' => '/home/thawes/.cache/typescript/4.5/node_modules/@types/esquery/index.d.ts'
[19:37:09.663] Adding entry into typings cache: 'estraverse' => '/home/thawes/.cache/typescript/4.5/node_modules/@types/estraverse/index.d.ts'
[19:37:09.663] Adding entry into typings cache: 'esutils' => '/home/thawes/.cache/typescript/4.5/node_modules/@types/esutils/index.d.ts'
[19:37:09.664] Adding entry into typings cache: 'etag' => '/home/thawes/.cache/typescript/4.5/node_modules/@types/etag/index.d.ts'
[19:37:09.665] Adding entry into typings cache: 'exit' => '/home/thawes/.cache/typescript/4.5/node_modules/@types/exit/index.d.ts'
[19:37:09.666] Adding entry into typings cache: 'express' => '/home/thawes/.cache/typescript/4.5/node_modules/@types/express/index.d.ts'
[19:37:09.666] Adding entry into typings cache: 'fast-levenshtein' => '/home/thawes/.cache/typescript/4.5/node_modules/@types/fast-levenshtein/index.d.ts'
[19:37:09.668] Adding entry into typings cache: 'fb-watchman' => '/home/thawes/.cache/typescript/4.5/node_modules/@types/fb-watchman/index.d.ts'
[19:37:09.670] Adding entry into typings cache: 'file-entry-cache' => '/home/thawes/.cache/typescript/4.5/node_modules/@types/file-entry-cache/index.d.ts'
[19:37:09.670] Adding entry into typings cache: 'fill-range' => '/home/thawes/.cache/typescript/4.5/node_modules/@types/fill-range/index.d.ts'
[19:37:09.672] Adding entry into typings cache: 'finalhandler' => '/home/thawes/.cache/typescript/4.5/node_modules/@types/finalhandler/index.d.ts'
[19:37:09.673] Adding entry into typings cache: 'flat-cache' => '/home/thawes/.cache/typescript/4.5/node_modules/@types/flat-cache/index.d.ts'
[19:37:09.674] Adding entry into typings cache: 'follow-redirects' => '/home/thawes/.cache/typescript/4.5/node_modules/@types/follow-redirects/index.d.ts'
[19:37:09.674] Adding entry into typings cache: 'forwarded' => '/home/thawes/.cache/typescript/4.5/node_modules/@types/forwarded/index.d.ts'
[19:37:09.675] Adding entry into typings cache: 'fresh' => '/home/thawes/.cache/typescript/4.5/node_modules/@types/fresh/index.d.ts'
[19:37:09.676] Adding entry into typings cache: 'fs-readdir-recursive' => '/home/thawes/.cache/typescript/4.5/node_modules/@types/fs-readdir-recursive/index.d.ts'
[19:37:09.677] Adding entry into typings cache: 'function-bind' => '/home/thawes/.cache/typescript/4.5/node_modules/@types/function-bind/index.d.ts'
[19:37:09.678] Adding entry into typings cache: 'functional-red-black-tree' => '/home/thawes/.cache/typescript/4.5/node_modules/@types/functional-red-black-tree/index.d.ts'
[19:37:09.678] Adding entry into typings cache: 'get-intrinsic' => '/home/thawes/.cache/typescript/4.5/node_modules/@types/get-intrinsic/index.d.ts'
[19:37:09.679] Adding entry into typings cache: 'get-value' => '/home/thawes/.cache/typescript/4.5/node_modules/@types/get-value/index.d.ts'
[19:37:09.680] Adding entry into typings cache: 'glob' => '/home/thawes/.cache/typescript/4.5/node_modules/@types/glob/index.d.ts'
[19:37:09.682] Adding entry into typings cache: 'glob-parent' => '/home/thawes/.cache/typescript/4.5/node_modules/@types/glob-parent/index.d.ts'
[19:37:09.684] Adding entry into typings cache: 'got' => '/home/thawes/.cache/typescript/4.5/node_modules/@types/got/index.d.ts'
[19:37:09.685] Adding entry into typings cache: 'graceful-fs' => '/home/thawes/.cache/typescript/4.5/node_modules/@types/graceful-fs/index.d.ts'
[19:37:09.686] Adding entry into typings cache: 'has' => '/home/thawes/.cache/typescript/4.5/node_modules/@types/has/index.d.ts'
[19:37:09.687] Adding entry into typings cache: 'has-symbols' => '/home/thawes/.cache/typescript/4.5/node_modules/@types/has-symbols/index.d.ts'
[19:37:09.687] Adding entry into typings cache: 'hosted-git-info' => '/home/thawes/.cache/typescript/4.5/node_modules/@types/hosted-git-info/index.d.ts'
[19:37:09.688] Adding entry into typings cache: 'html-encoding-sniffer' => '/home/thawes/.cache/typescript/4.5/node_modules/@types/html-encoding-sniffer/index.d.ts'
[19:37:09.689] Adding entry into typings cache: 'html-escaper' => '/home/thawes/.cache/typescript/4.5/node_modules/@types/html-escaper/index.d.ts'
[19:37:09.690] Adding entry into typings cache: 'http-cache-semantics' => '/home/thawes/.cache/typescript/4.5/node_modules/@types/http-cache-semantics/index.d.ts'
[19:37:09.691] Adding entry into typings cache: 'http-errors' => '/home/thawes/.cache/typescript/4.5/node_modules/@types/http-errors/index.d.ts'
[19:37:09.692] Adding entry into typings cache: 'imurmurhash' => '/home/thawes/.cache/typescript/4.5/node_modules/@types/imurmurhash/index.d.ts'
[19:37:09.693] Adding entry into typings cache: 'inherits' => '/home/thawes/.cache/typescript/4.5/node_modules/@types/inherits/index.d.ts'
[19:37:09.694] Adding entry into typings cache: 'ini' => '/home/thawes/.cache/typescript/4.5/node_modules/@types/ini/index.d.ts'
[19:37:09.695] Adding entry into typings cache: 'internal-slot' => '/home/thawes/.cache/typescript/4.5/node_modules/@types/internal-slot/index.d.ts'
[19:37:09.695] Adding entry into typings cache: 'is-bigint' => '/home/thawes/.cache/typescript/4.5/node_modules/@types/is-bigint/index.d.ts'
[19:37:09.696] Adding entry into typings cache: 'is-boolean-object' => '/home/thawes/.cache/typescript/4.5/node_modules/@types/is-boolean-object/index.d.ts'
[19:37:09.697] Adding entry into typings cache: 'is-buffer' => '/home/thawes/.cache/typescript/4.5/node_modules/@types/is-buffer/index.d.ts'
[19:37:09.698] Adding entry into typings cache: 'is-callable' => '/home/thawes/.cache/typescript/4.5/node_modules/@types/is-callable/index.d.ts'
[19:37:09.698] Adding entry into typings cache: 'is-ci' => '/home/thawes/.cache/typescript/4.5/node_modules/@types/is-ci/index.d.ts'
[19:37:09.698] Adding entry into typings cache: 'is-core-module' => '/home/thawes/.cache/typescript/4.5/node_modules/@types/is-core-module/index.d.ts'
[19:37:09.699] Adding entry into typings cache: 'is-data-descriptor' => '/home/thawes/.cache/typescript/4.5/node_modules/@types/is-data-descriptor/index.d.ts'
[19:37:09.700] Adding entry into typings cache: 'is-date-object' => '/home/thawes/.cache/typescript/4.5/node_modules/@types/is-date-object/index.d.ts'
[19:37:09.700] Adding entry into typings cache: 'is-glob' => '/home/thawes/.cache/typescript/4.5/node_modules/@types/is-glob/index.d.ts'
[19:37:09.701] Adding entry into typings cache: 'is-number' => '/home/thawes/.cache/typescript/4.5/node_modules/@types/is-number/index.d.ts'
[19:37:09.702] Adding entry into typings cache: 'is-regex' => '/home/thawes/.cache/typescript/4.5/node_modules/@types/is-regex/index.d.ts'
[19:37:09.702] Adding entry into typings cache: 'is-string' => '/home/thawes/.cache/typescript/4.5/node_modules/@types/is-string/index.d.ts'
[19:37:09.703] Adding entry into typings cache: 'is-typedarray' => '/home/thawes/.cache/typescript/4.5/node_modules/@types/is-typedarray/index.d.ts'
[19:37:09.705] Adding entry into typings cache: 'is-windows' => '/home/thawes/.cache/typescript/4.5/node_modules/@types/is-windows/index.d.ts'
[19:37:09.706] Adding entry into typings cache: 'isarray' => '/home/thawes/.cache/typescript/4.5/node_modules/@types/isarray/index.d.ts'
[19:37:09.707] Adding entry into typings cache: 'isexe' => '/home/thawes/.cache/typescript/4.5/node_modules/@types/isexe/index.d.ts'
[19:37:09.707] Adding entry into typings cache: 'istanbul-lib-coverage' => '/home/thawes/.cache/typescript/4.5/node_modules/@types/istanbul-lib-coverage/index.d.ts'
[19:37:09.708] Adding entry into typings cache: 'istanbul-lib-instrument' => '/home/thawes/.cache/typescript/4.5/node_modules/@types/istanbul-lib-instrument/index.d.ts'
[19:37:09.708] Adding entry into typings cache: 'istanbul-lib-report' => '/home/thawes/.cache/typescript/4.5/node_modules/@types/istanbul-lib-report/index.d.ts'
[19:37:09.709] Adding entry into typings cache: 'istanbul-lib-source-maps' => '/home/thawes/.cache/typescript/4.5/node_modules/@types/istanbul-lib-source-maps/index.d.ts'
[19:37:09.709] Adding entry into typings cache: 'istanbul-reports' => '/home/thawes/.cache/typescript/4.5/node_modules/@types/istanbul-reports/index.d.ts'
[19:37:09.710] Adding entry into typings cache: 'jest' => '/home/thawes/.cache/typescript/4.5/node_modules/@types/jest/index.d.ts'
[19:37:09.711] Adding entry into typings cache: 'js-yaml' => '/home/thawes/.cache/typescript/4.5/node_modules/@types/js-yaml/index.d.ts'
[19:37:09.712] Adding entry into typings cache: 'jsdom' => '/home/thawes/.cache/typescript/4.5/node_modules/@types/jsdom/index.d.ts'
[19:37:09.712] Adding entry into typings cache: 'jsesc' => '/home/thawes/.cache/typescript/4.5/node_modules/@types/jsesc/index.d.ts'
[19:37:09.713] Adding entry into typings cache: 'json-buffer' => '/home/thawes/.cache/typescript/4.5/node_modules/@types/json-buffer/index.d.ts'
[19:37:09.713] Adding entry into typings cache: 'keyv' => '/home/thawes/.cache/typescript/4.5/node_modules/@types/keyv/index.d.ts'
[19:37:09.714] Adding entry into typings cache: 'kind-of' => '/home/thawes/.cache/typescript/4.5/node_modules/@types/kind-of/index.d.ts'
[19:37:09.714] Adding entry into typings cache: 'lodash' => '/home/thawes/.cache/typescript/4.5/node_modules/@types/lodash/index.d.ts'
[19:37:09.715] Adding entry into typings cache: 'lodash.debounce' => '/home/thawes/.cache/typescript/4.5/node_modules/@types/lodash.debounce/index.d.ts'
[19:37:09.715] Adding entry into typings cache: 'lodash.merge' => '/home/thawes/.cache/typescript/4.5/node_modules/@types/lodash.merge/index.d.ts'
[19:37:09.716] Adding entry into typings cache: 'lodash.truncate' => '/home/thawes/.cache/typescript/4.5/node_modules/@types/lodash.truncate/index.d.ts'
[19:37:09.717] Adding entry into typings cache: 'lru-cache' => '/home/thawes/.cache/typescript/4.5/node_modules/@types/lru-cache/index.d.ts'
[19:37:09.719] Adding entry into typings cache: 'media-typer' => '/home/thawes/.cache/typescript/4.5/node_modules/@types/media-typer/index.d.ts'
[19:37:09.720] Adding entry into typings cache: 'merge-descriptors' => '/home/thawes/.cache/typescript/4.5/node_modules/@types/merge-descriptors/index.d.ts'
[19:37:09.721] Adding entry into typings cache: 'merge-stream' => '/home/thawes/.cache/typescript/4.5/node_modules/@types/merge-stream/index.d.ts'
[19:37:09.722] Adding entry into typings cache: 'methods' => '/home/thawes/.cache/typescript/4.5/node_modules/@types/methods/index.d.ts'
[19:37:09.722] Adding entry into typings cache: 'micromatch' => '/home/thawes/.cache/typescript/4.5/node_modules/@types/micromatch/index.d.ts'
[19:37:09.724] Adding entry into typings cache: 'mime' => '/home/thawes/.cache/typescript/4.5/node_modules/@types/mime/index.d.ts'
[19:37:09.725] Adding entry into typings cache: 'mime-db' => '/home/thawes/.cache/typescript/4.5/node_modules/@types/mime-db/index.d.ts'
[19:37:09.726] Adding entry into typings cache: 'mime-types' => '/home/thawes/.cache/typescript/4.5/node_modules/@types/mime-types/index.d.ts'
[19:37:09.727] Adding entry into typings cache: 'minimatch' => '/home/thawes/.cache/typescript/4.5/node_modules/@types/minimatch/index.d.ts'
[19:37:09.728] Adding entry into typings cache: 'minimist' => '/home/thawes/.cache/typescript/4.5/node_modules/@types/minimist/index.d.ts'
[19:37:09.728] Adding entry into typings cache: 'ms' => '/home/thawes/.cache/typescript/4.5/node_modules/@types/ms/index.d.ts'
[19:37:09.729] Adding entry into typings cache: 'natural-compare' => '/home/thawes/.cache/typescript/4.5/node_modules/@types/natural-compare/index.d.ts'
[19:37:09.729] Adding entry into typings cache: 'negotiator' => '/home/thawes/.cache/typescript/4.5/node_modules/@types/negotiator/index.d.ts'
[19:37:09.730] Adding entry into typings cache: 'nice-try' => '/home/thawes/.cache/typescript/4.5/node_modules/@types/nice-try/index.d.ts'
[19:37:09.731] Adding entry into typings cache: 'node-int64' => '/home/thawes/.cache/typescript/4.5/node_modules/@types/node-int64/index.d.ts'
[19:37:09.731] Adding entry into typings cache: 'node-notifier' => '/home/thawes/.cache/typescript/4.5/node_modules/@types/node-notifier/index.d.ts'
[19:37:09.732] Adding entry into typings cache: 'nodemon' => '/home/thawes/.cache/typescript/4.5/node_modules/@types/nodemon/index.d.ts'
[19:37:09.733] Adding entry into typings cache: 'nopt' => '/home/thawes/.cache/typescript/4.5/node_modules/@types/nopt/index.d.ts'
[19:37:09.733] Adding entry into typings cache: 'normalize-package-data' => '/home/thawes/.cache/typescript/4.5/node_modules/@types/normalize-package-data/index.d.ts'
[19:37:09.734] Adding entry into typings cache: 'normalize-path' => '/home/thawes/.cache/typescript/4.5/node_modules/@types/normalize-path/index.d.ts'
[19:37:09.734] Adding entry into typings cache: 'nwsapi' => '/home/thawes/.cache/typescript/4.5/node_modules/@types/nwsapi/index.d.ts'
[19:37:09.734] Adding entry into typings cache: 'object-assign' => '/home/thawes/.cache/typescript/4.5/node_modules/@types/object-assign/index.d.ts'
[19:37:09.735] Adding entry into typings cache: 'object-inspect' => '/home/thawes/.cache/typescript/4.5/node_modules/@types/object-inspect/index.d.ts'
[19:37:09.735] Adding entry into typings cache: 'object-keys' => '/home/thawes/.cache/typescript/4.5/node_modules/@types/object-keys/index.d.ts'
[19:37:09.735] Adding entry into typings cache: 'object.pick' => '/home/thawes/.cache/typescript/4.5/node_modules/@types/object.pick/index.d.ts'
[19:37:09.736] Adding entry into typings cache: 'on-finished' => '/home/thawes/.cache/typescript/4.5/node_modules/@types/on-finished/index.d.ts'
[19:37:09.736] Adding entry into typings cache: 'once' => '/home/thawes/.cache/typescript/4.5/node_modules/@types/once/index.d.ts'
[19:37:09.737] Adding entry into typings cache: 'parse-json' => '/home/thawes/.cache/typescript/4.5/node_modules/@types/parse-json/index.d.ts'
[19:37:09.738] Adding entry into typings cache: 'parse5' => '/home/thawes/.cache/typescript/4.5/node_modules/@types/parse5/index.d.ts'
[19:37:09.739] Adding entry into typings cache: 'parseurl' => '/home/thawes/.cache/typescript/4.5/node_modules/@types/parseurl/index.d.ts'
[19:37:09.739] Adding entry into typings cache: 'pascalcase' => '/home/thawes/.cache/typescript/4.5/node_modules/@types/pascalcase/index.d.ts'
[19:37:09.739] Adding entry into typings cache: 'path-is-absolute' => '/home/thawes/.cache/typescript/4.5/node_modules/@types/path-is-absolute/index.d.ts'
[19:37:09.740] Adding entry into typings cache: 'path-parse' => '/home/thawes/.cache/typescript/4.5/node_modules/@types/path-parse/index.d.ts'
[19:37:09.740] Adding entry into typings cache: 'picomatch' => '/home/thawes/.cache/typescript/4.5/node_modules/@types/picomatch/index.d.ts'
[19:37:09.741] Adding entry into typings cache: 'pify' => '/home/thawes/.cache/typescript/4.5/node_modules/@types/pify/index.d.ts'
[19:37:09.741] Adding entry into typings cache: 'prelude-ls' => '/home/thawes/.cache/typescript/4.5/node_modules/@types/prelude-ls/index.d.ts'
[19:37:09.742] Adding entry into typings cache: 'progress' => '/home/thawes/.cache/typescript/4.5/node_modules/@types/progress/index.d.ts'
[19:37:09.742] Adding entry into typings cache: 'prompts' => '/home/thawes/.cache/typescript/4.5/node_modules/@types/prompts/index.d.ts'
[19:37:09.743] Adding entry into typings cache: 'proxy-addr' => '/home/thawes/.cache/typescript/4.5/node_modules/@types/proxy-addr/index.d.ts'
[19:37:09.744] Adding entry into typings cache: 'psl' => '/home/thawes/.cache/typescript/4.5/node_modules/@types/psl/index.d.ts'
[19:37:09.744] Adding entry into typings cache: 'pump' => '/home/thawes/.cache/typescript/4.5/node_modules/@types/pump/index.d.ts'
[19:37:09.745] Adding entry into typings cache: 'punycode' => '/home/thawes/.cache/typescript/4.5/node_modules/@types/punycode/index.d.ts'
[19:37:09.745] Adding entry into typings cache: 'qs' => '/home/thawes/.cache/typescript/4.5/node_modules/@types/qs/index.d.ts'
[19:37:09.745] Adding entry into typings cache: 'range-parser' => '/home/thawes/.cache/typescript/4.5/node_modules/@types/range-parser/index.d.ts'
[19:37:09.746] Adding entry into typings cache: 'rc' => '/home/thawes/.cache/typescript/4.5/node_modules/@types/rc/index.d.ts'
[19:37:09.747] Adding entry into typings cache: 'react' => '/home/thawes/.cache/typescript/4.5/node_modules/@types/react/index.d.ts'
[19:37:09.747] Adding entry into typings cache: 'react-dom' => '/home/thawes/.cache/typescript/4.5/node_modules/@types/react-dom/index.d.ts'
[19:37:09.748] Adding entry into typings cache: 'react-is' => '/home/thawes/.cache/typescript/4.5/node_modules/@types/react-is/index.d.ts'
[19:37:09.749] Adding entry into typings cache: 'regenerate' => '/home/thawes/.cache/typescript/4.5/node_modules/@types/regenerate/index.d.ts'
[19:37:09.749] Adding entry into typings cache: 'regenerator-runtime' => '/home/thawes/.cache/typescript/4.5/node_modules/@types/regenerator-runtime/index.d.ts'
[19:37:09.749] Adding entry into typings cache: 'regex-not' => '/home/thawes/.cache/typescript/4.5/node_modules/@types/regex-not/index.d.ts'
[19:37:09.750] Adding entry into typings cache: 'registry-auth-token' => '/home/thawes/.cache/typescript/4.5/node_modules/@types/registry-auth-token/index.d.ts'
[19:37:09.750] Adding entry into typings cache: 'repeat-element' => '/home/thawes/.cache/typescript/4.5/node_modules/@types/repeat-element/index.d.ts'
[19:37:09.750] Adding entry into typings cache: 'repeat-string' => '/home/thawes/.cache/typescript/4.5/node_modules/@types/repeat-string/index.d.ts'
[19:37:09.751] Adding entry into typings cache: 'require-directory' => '/home/thawes/.cache/typescript/4.5/node_modules/@types/require-directory/index.d.ts'
[19:37:09.751] Adding entry into typings cache: 'require-from-string' => '/home/thawes/.cache/typescript/4.5/node_modules/@types/require-from-string/index.d.ts'
[19:37:09.751] Adding entry into typings cache: 'resolve' => '/home/thawes/.cache/typescript/4.5/node_modules/@types/resolve/index.d.ts'
[19:37:09.752] Adding entry into typings cache: 'responselike' => '/home/thawes/.cache/typescript/4.5/node_modules/@types/responselike/index.d.ts'
[19:37:09.753] Adding entry into typings cache: 'rimraf' => '/home/thawes/.cache/typescript/4.5/node_modules/@types/rimraf/index.d.ts'
[19:37:09.753] Adding entry into typings cache: 'rsvp' => '/home/thawes/.cache/typescript/4.5/node_modules/@types/rsvp/index.d.ts'
[19:37:09.753] Adding entry into typings cache: 'safe-regex' => '/home/thawes/.cache/typescript/4.5/node_modules/@types/safe-regex/index.d.ts'
[19:37:09.754] Adding entry into typings cache: 'safer-buffer' => '/home/thawes/.cache/typescript/4.5/node_modules/@types/safer-buffer/index.d.ts'
[19:37:09.754] Adding entry into typings cache: 'sane' => '/home/thawes/.cache/typescript/4.5/node_modules/@types/sane/index.d.ts'
[19:37:09.755] Adding entry into typings cache: 'scheduler' => '/home/thawes/.cache/typescript/4.5/node_modules/@types/scheduler/index.d.ts'
[19:37:09.756] Adding entry into typings cache: 'semver' => '/home/thawes/.cache/typescript/4.5/node_modules/@types/semver/index.d.ts'
[19:37:09.756] Adding entry into typings cache: 'send' => '/home/thawes/.cache/typescript/4.5/node_modules/@types/send/index.d.ts'
[19:37:09.757] Adding entry into typings cache: 'serve-static' => '/home/thawes/.cache/typescript/4.5/node_modules/@types/serve-static/index.d.ts'
[19:37:09.758] Adding entry into typings cache: 'set-value' => '/home/thawes/.cache/typescript/4.5/node_modules/@types/set-value/index.d.ts'
[19:37:09.758] Adding entry into typings cache: 'shebang-command' => '/home/thawes/.cache/typescript/4.5/node_modules/@types/shebang-command/index.d.ts'
[19:37:09.759] Adding entry into typings cache: 'signal-exit' => '/home/thawes/.cache/typescript/4.5/node_modules/@types/signal-exit/index.d.ts'
[19:37:09.759] Adding entry into typings cache: 'slice-ansi' => '/home/thawes/.cache/typescript/4.5/node_modules/@types/slice-ansi/index.d.ts'
[19:37:09.760] Adding entry into typings cache: 'source-map-support' => '/home/thawes/.cache/typescript/4.5/node_modules/@types/source-map-support/index.d.ts'
[19:37:09.760] Adding entry into typings cache: 'spdx-correct' => '/home/thawes/.cache/typescript/4.5/node_modules/@types/spdx-correct/index.d.ts'
[19:37:09.761] Adding entry into typings cache: 'spdx-expression-parse' => '/home/thawes/.cache/typescript/4.5/node_modules/@types/spdx-expression-parse/index.d.ts'
[19:37:09.761] Adding entry into typings cache: 'sprintf' => '/home/thawes/.cache/typescript/4.5/node_modules/@types/sprintf/index.d.ts'
[19:37:09.761] Adding entry into typings cache: 'sprintf-js' => '/home/thawes/.cache/typescript/4.5/node_modules/@types/sprintf-js/index.d.ts'
[19:37:09.762] Adding entry into typings cache: 'stack-utils' => '/home/thawes/.cache/typescript/4.5/node_modules/@types/stack-utils/index.d.ts'
[19:37:09.762] Adding entry into typings cache: 'statuses' => '/home/thawes/.cache/typescript/4.5/node_modules/@types/statuses/index.d.ts'
[19:37:09.763] Adding entry into typings cache: 'strip-final-newline' => '/home/thawes/.cache/typescript/4.5/node_modules/@types/strip-final-newline/index.d.ts'
[19:37:09.763] Adding entry into typings cache: 'supports-color' => '/home/thawes/.cache/typescript/4.5/node_modules/@types/supports-color/index.d.ts'
[19:37:09.764] Adding entry into typings cache: 'symbol-tree' => '/home/thawes/.cache/typescript/4.5/node_modules/@types/symbol-tree/index.d.ts'
[19:37:09.764] Adding entry into typings cache: 'text-table' => '/home/thawes/.cache/typescript/4.5/node_modules/@types/text-table/index.d.ts'
[19:37:09.764] Adding entry into typings cache: 'tmpl' => '/home/thawes/.cache/typescript/4.5/node_modules/@types/tmpl/index.d.ts'
[19:37:09.765] Adding entry into typings cache: 'to-regex' => '/home/thawes/.cache/typescript/4.5/node_modules/@types/to-regex/index.d.ts'
[19:37:09.766] Adding entry into typings cache: 'to-regex-range' => '/home/thawes/.cache/typescript/4.5/node_modules/@types/to-regex-range/index.d.ts'
[19:37:09.766] Adding entry into typings cache: 'touch' => '/home/thawes/.cache/typescript/4.5/node_modules/@types/touch/index.d.ts'
[19:37:09.766] Adding entry into typings cache: 'tough-cookie' => '/home/thawes/.cache/typescript/4.5/node_modules/@types/tough-cookie/index.d.ts'
[19:37:09.767] Adding entry into typings cache: 'type-check' => '/home/thawes/.cache/typescript/4.5/node_modules/@types/type-check/index.d.ts'
[19:37:09.767] Adding entry into typings cache: 'type-detect' => '/home/thawes/.cache/typescript/4.5/node_modules/@types/type-detect/index.d.ts'
[19:37:09.767] Adding entry into typings cache: 'type-is' => '/home/thawes/.cache/typescript/4.5/node_modules/@types/type-is/index.d.ts'
[19:37:09.768] Adding entry into typings cache: 'universalify' => '/home/thawes/.cache/typescript/4.5/node_modules/@types/universalify/index.d.ts'
[19:37:09.768] Adding entry into typings cache: 'update-notifier' => '/home/thawes/.cache/typescript/4.5/node_modules/@types/update-notifier/index.d.ts'
[19:37:09.769] Adding entry into typings cache: 'urix' => '/home/thawes/.cache/typescript/4.5/node_modules/@types/urix/index.d.ts'
[19:37:09.769] Adding entry into typings cache: 'url-parse-lax' => '/home/thawes/.cache/typescript/4.5/node_modules/@types/url-parse-lax/index.d.ts'
[19:37:09.770] Adding entry into typings cache: 'utils-merge' => '/home/thawes/.cache/typescript/4.5/node_modules/@types/utils-merge/index.d.ts'
[19:37:09.770] Adding entry into typings cache: 'uuid' => '/home/thawes/.cache/typescript/4.5/node_modules/@types/uuid/index.d.ts'
[19:37:09.770] Adding entry into typings cache: 'validate-npm-package-license' => '/home/thawes/.cache/typescript/4.5/node_modules/@types/validate-npm-package-license/index.d.ts'
[19:37:09.771] Adding entry into typings cache: 'vary' => '/home/thawes/.cache/typescript/4.5/node_modules/@types/vary/index.d.ts'
[19:37:09.771] Adding entry into typings cache: 'w3c-hr-time' => '/home/thawes/.cache/typescript/4.5/node_modules/@types/w3c-hr-time/index.d.ts'
[19:37:09.772] Adding entry into typings cache: 'w3c-xmlserializer' => '/home/thawes/.cache/typescript/4.5/node_modules/@types/w3c-xmlserializer/index.d.ts'
[19:37:09.772] Adding entry into typings cache: 'webidl-conversions' => '/home/thawes/.cache/typescript/4.5/node_modules/@types/webidl-conversions/index.d.ts'
[19:37:09.772] Adding entry into typings cache: 'whatwg-encoding' => '/home/thawes/.cache/typescript/4.5/node_modules/@types/whatwg-encoding/index.d.ts'
[19:37:09.773] Adding entry into typings cache: 'whatwg-mimetype' => '/home/thawes/.cache/typescript/4.5/node_modules/@types/whatwg-mimetype/index.d.ts'
[19:37:09.773] Adding entry into typings cache: 'whatwg-url' => '/home/thawes/.cache/typescript/4.5/node_modules/@types/whatwg-url/index.d.ts'
[19:37:09.774] Adding entry into typings cache: 'which' => '/home/thawes/.cache/typescript/4.5/node_modules/@types/which/index.d.ts'
[19:37:09.774] Adding entry into typings cache: 'wrap-ansi' => '/home/thawes/.cache/typescript/4.5/node_modules/@types/wrap-ansi/index.d.ts'
[19:37:09.775] Adding entry into typings cache: 'write-file-atomic' => '/home/thawes/.cache/typescript/4.5/node_modules/@types/write-file-atomic/index.d.ts'
[19:37:09.775] Adding entry into typings cache: 'ws' => '/home/thawes/.cache/typescript/4.5/node_modules/@types/ws/index.d.ts'
[19:37:09.776] Adding entry into typings cache: 'yallist' => '/home/thawes/.cache/typescript/4.5/node_modules/@types/yallist/index.d.ts'
[19:37:09.776] Adding entry into typings cache: 'yargs' => '/home/thawes/.cache/typescript/4.5/node_modules/@types/yargs/index.d.ts'
[19:37:09.777] Adding entry into typings cache: 'yargs-parser' => '/home/thawes/.cache/typescript/4.5/node_modules/@types/yargs-parser/index.d.ts'
[19:37:09.777] Finished processing cache location '/home/thawes/.cache/typescript/4.5'
[19:37:09.777] Process id: 895315
[19:37:09.777] NPM location: /usr/bin/npm (explicit '--npmLocation' not  provided)
[19:37:09.777] validateDefaultNpmLocation: false
[19:37:09.777] Npm config file: /home/thawes/.cache/typescript/4.5/package.json
[19:37:09.777] Updating types-registry npm package...
[19:37:09.778] Exec: /usr/bin/npm install --ignore-scripts types-registry@latest
[19:37:11.947]     Succeeded. stdout:
    + types-registry@0.1.580
    updated 1 package and audited 309 packages in 1.642s

6 packages are looking for funding
  run `npm fund` for details

found 0 vulnerabilities


[19:37:11.948] Updated types-registry npm package
[19:37:12.172] Got install request {"projectName":"/dev/null/inferredProject1*","fileNames":["/home/thawes/src/projects/ExercisesForProgrammers/Javascript/React/solution-02/node_modules/typescript/lib/lib.es5.d.ts","/home/thawes/src/projects/ExercisesForProgrammers/Javascript/React/solution-02/node_modules/typescript/lib/lib.es2015.d.ts","/home/thawes/src/projects/ExercisesForProgrammers/Javascript/React/solution-02/node_modules/typescript/lib/lib.es2016.d.ts","/home/thawes/src/projects/ExercisesForProgrammers/Javascript/React/solution-02/node_modules/typescript/lib/lib.dom.d.ts","/home/thawes/src/projects/ExercisesForProgrammers/Javascript/React/solution-02/node_modules/typescript/lib/lib.dom.iterable.d.ts","/home/thawes/src/projects/ExercisesForProgrammers/Javascript/React/solution-02/node_modules/typescript/lib/lib.webworker.importscripts.d.ts","/home/thawes/src/projects/ExercisesForProgrammers/Javascript/React/solution-02/node_modules/typescript/lib/lib.scripthost.d.ts","/home/thawes/src/projects/ExercisesForProgrammers/Javascript/React/solution-02/node_modules/typescript/lib/lib.es2015.core.d.ts","/home/thawes/src/projects/ExercisesForProgrammers/Javascript/React/solution-02/node_modules/typescript/lib/lib.es2015.collection.d.ts","/home/thawes/src/projects/ExercisesForProgrammers/Javascript/React/solution-02/node_modules/typescript/lib/lib.es2015.generator.d.ts","/home/thawes/src/projects/ExercisesForProgrammers/Javascript/React/solution-02/node_modules/typescript/lib/lib.es2015.iterable.d.ts","/home/thawes/src/projects/ExercisesForProgrammers/Javascript/React/solution-02/node_modules/typescript/lib/lib.es2015.promise.d.ts","/home/thawes/src/projects/ExercisesForProgrammers/Javascript/React/solution-02/node_modules/typescript/lib/lib.es2015.proxy.d.ts","/home/thawes/src/projects/ExercisesForProgrammers/Javascript/React/solution-02/node_modules/typescript/lib/lib.es2015.reflect.d.ts","/home/thawes/src/projects/ExercisesForProgrammers/Javascript/React/solution-02/node_modules/typescript/lib/lib.es2015.symbol.d.ts","/home/thawes/src/projects/ExercisesForProgrammers/Javascript/React/solution-02/node_modules/typescript/lib/lib.es2015.symbol.wellknown.d.ts","/home/thawes/src/projects/ExercisesForProgrammers/Javascript/React/solution-02/node_modules/typescript/lib/lib.es2016.array.include.d.ts","/home/thawes/src/projects/ExercisesForProgrammers/Javascript/React/solution-02/node_modules/typescript/lib/lib.es2016.full.d.ts","/home/thawes/src/projects/ExercisesForProgrammers/Javascript/React/solution-02/src/App.js"],"compilerOptions":{"module":1,"target":3,"jsx":1,"allowJs":true,"allowSyntheticDefaultImports":true,"allowNonTsExtensions":true,"noEmitForJsFiles":true,"maxNodeModuleJsDepth":2},"typeAcquisition":{"enable":true,"include":[],"exclude":[]},"unresolvedImports":[],"projectRootPath":"/home/thawes/src/projects/ExercisesForProgrammers/Javascript/React/solution-02/src","kind":"discover"}
[19:37:12.186] Loaded safelist from types map file '/home/thawes/src/projects/ExercisesForProgrammers/Javascript/React/solution-02/node_modules/typescript/lib/typesMap.json'
[19:37:12.186] Explicitly included types: []
[19:37:12.187] Inferred typings from unresolved imports: []
[19:37:12.187] Result: {"cachedTypingPaths":[],"newTypingNames":[],"filesToWatch":["/home/thawes/src/projects/ExercisesForProgrammers/Javascript/React/solution-02/src/bower_components","/home/thawes/src/projects/ExercisesForProgrammers/Javascript/React/solution-02/src/node_modules"]}
[19:37:12.187] Finished typings discovery: {"cachedTypingPaths":[],"newTypingNames":[],"filesToWatch":["/home/thawes/src/projects/ExercisesForProgrammers/Javascript/React/solution-02/src/bower_components","/home/thawes/src/projects/ExercisesForProgrammers/Javascript/React/solution-02/src/node_modules"]}
[19:37:12.188] DirectoryWatcher:: Added:: WatchInfo: /home/thawes/src/projects/ExercisesForProgrammers/Javascript/React/solution-02/src/bower_components
[19:37:12.189] DirectoryWatcher:: Added:: WatchInfo: /home/thawes/src/projects/ExercisesForProgrammers/Javascript/React/solution-02/src/bower_components 1 undefined Project: /dev/null/inferredProject1* watcher already invoked: false
[19:37:12.192] Elapsed:: 2.8947409987449646ms DirectoryWatcher:: Added:: WatchInfo: /home/thawes/src/projects/ExercisesForProgrammers/Javascript/React/solution-02/src/bower_components 1 undefined Project: /dev/null/inferredProject1* watcher already invoked: false
[19:37:12.192] DirectoryWatcher:: Added:: WatchInfo: /home/thawes/src/projects/ExercisesForProgrammers/Javascript/React/solution-02/src/node_modules
[19:37:12.192] DirectoryWatcher:: Added:: WatchInfo: /home/thawes/src/projects/ExercisesForProgrammers/Javascript/React/solution-02/src/node_modules 1 undefined Project: /dev/null/inferredProject1* watcher already invoked: false
[19:37:12.192] Elapsed:: 0.20265400409698486ms DirectoryWatcher:: Added:: WatchInfo: /home/thawes/src/projects/ExercisesForProgrammers/Javascript/React/solution-02/src/node_modules 1 undefined Project: /dev/null/inferredProject1* watcher already invoked: false
[19:37:12.193] Sending response:
    {"projectName":"/dev/null/inferredProject1*","typeAcquisition":{"enable":true,"include":[],"exclude":[]},"compilerOptions":{"module":1,"target":3,"jsx":1,"allowJs":true,"allowSyntheticDefaultImports":true,"allowNonTsExtensions":true,"noEmitForJsFiles":true,"maxNodeModuleJsDepth":2},"typings":[],"unresolvedImports":[],"kind":"action::set"}
[19:37:12.193] Response has been sent.
[19:37:12.193] No new typings were requested as a result of typings discovery
