[0mCompiling "target/cljsbuild/public/js/app.js" from ["src/cljs" "src/cljc" "env/dev/cljs"]...[0m
[32mSuccessfully compiled "target/cljsbuild/public/js/app.js" in 0.491 seconds.[0m
[0mCompiling "target/cljsbuild/public/js/app.js" from ["src/cljs" "src/cljc" "env/dev/cljs"]...[0m
[36m----  Compiler Warning on   src/cljs/tip_calculator/core.cljs   line:45  column:11  ----[0m

  [1mUse of undeclared Var tip-calculator.core/text[0m

  [36m41[0m  [36m       (h/a :class "navbar-brand" :href "/" "tip-calculator")[0m
  [36m42[0m  [36m       (h/ul {:class "nav navbar-nav"}[0m
  [36m43[0m  [36m         (nav-link "#/" "Home" :home expanded?)[0m
  [36m44[0m  [36m         (nav-link "#/about" "About" :about expanded?)[0m
  [33m45[0m  [1m         (text "Foo"))))))[0m
  [0m  [0m  [33m          ^--- Use of undeclared Var tip-calculator.core/text[0m
  [36m46[0m  [36m[0m
  [36m47[0m  [36m(defn about [][0m
  [36m48[0m  [36m  (h/div :class "container"[0m
  [36m49[0m  [36m    (h/div :class "row"[0m
  [36m50[0m  [36m      (h/div :class "col-md-12"[0m

[36m----  Compiler Warning : Please see src/cljs/tip_calculator/core.cljs  ----[0m
[32mSuccessfully compiled "target/cljsbuild/public/js/app.js" in 0.565 seconds.[0m
notifying browser that file changed:  target/cljsbuild/public/js/out/goog/deps.js
notifying browser that file changed:  target/cljsbuild/public/js/out/cljs_deps.js
notifying browser that file changed:  target/cljsbuild/public/js/out/tip_calculator/core.js
[0mCompiling "target/cljsbuild/public/js/app.js" from ["src/cljs" "src/cljc" "env/dev/cljs"]...[0m
[32mSuccessfully compiled "target/cljsbuild/public/js/app.js" in 0.377 seconds.[0m
notifying browser that file changed:  target/cljsbuild/public/js/out/tip_calculator/core.js
[0mCompiling "target/cljsbuild/public/js/app.js" from ["src/cljs" "src/cljc" "env/dev/cljs"]...[0m
[32mSuccessfully compiled "target/cljsbuild/public/js/app.js" in 0.348 seconds.[0m
notifying browser that file changed:  target/cljsbuild/public/js/out/tip_calculator/core.js
[0mCompiling "target/cljsbuild/public/js/app.js" from ["src/cljs" "src/cljc" "env/dev/cljs"]...[0m
[32mSuccessfully compiled "target/cljsbuild/public/js/app.js" in 0.351 seconds.[0m
notifying browser that file changed:  target/cljsbuild/public/js/out/tip_calculator/core.js
[0mCompiling "target/cljsbuild/public/js/app.js" from ["src/cljs" "src/cljc" "env/dev/cljs"]...[0m
[32mSuccessfully compiled "target/cljsbuild/public/js/app.js" in 0.318 seconds.[0m
notifying browser that file changed:  target/cljsbuild/public/js/out/tip_calculator/core.js
[0mCompiling "target/cljsbuild/public/js/app.js" from ["src/cljs" "src/cljc" "env/dev/cljs"]...[0m
[32mSuccessfully compiled "target/cljsbuild/public/js/app.js" in 0.379 seconds.[0m
notifying browser that file changed:  target/cljsbuild/public/js/out/tip_calculator/core.js
[0mCompiling "target/cljsbuild/public/js/app.js" from ["src/cljs" "src/cljc" "env/dev/cljs"]...[0m
[36m----  Compiler Warning on   src/cljs/tip_calculator/core.cljs   line:62  column:5  ----[0m

  [1mUse of undeclared Var tip-calculator.core/tip-calculator[0m

  [36m59[0m  [36m(h/defelem page [][0m
  [36m60[0m  [36m  (h/div :id "app"[0m
  [36m61[0m  [36m    (navbar)[0m
  [33m62[0m  [1m    (cell=[0m
  [0m  [0m  [33m    ^--- Use of undeclared Var tip-calculator.core/tip-calculator[0m
  [36m63[0m  [36m     (case selected-page[0m
  [36m64[0m  [36m       :home (home)[0m
  [36m65[0m  [36m       :tip-calculator (tip-calculator)[0m
  [36m66[0m  [36m       :about (about)))))[0m

[36m----  Compiler Warning : Please see src/cljs/tip_calculator/core.cljs  ----[0m
[32mSuccessfully compiled "target/cljsbuild/public/js/app.js" in 0.397 seconds.[0m
notifying browser that file changed:  target/cljsbuild/public/js/out/tip_calculator/core.js
[0mCompiling "target/cljsbuild/public/js/app.js" from ["src/cljs" "src/cljc" "env/dev/cljs"]...[0m
[32mSuccessfully compiled "target/cljsbuild/public/js/app.js" in 0.305 seconds.[0m
notifying browser that file changed:  target/cljsbuild/public/js/out/tip_calculator/core.js
[0mCompiling "target/cljsbuild/public/js/app.js" from ["src/cljs" "src/cljc" "env/dev/cljs"]...[0m
[32mSuccessfully compiled "target/cljsbuild/public/js/app.js" in 0.293 seconds.[0m
notifying browser that file changed:  target/cljsbuild/public/js/out/tip_calculator/core.js
[0mCompiling "target/cljsbuild/public/js/app.js" from ["src/cljs" "src/cljc" "env/dev/cljs"]...[0m
[32mSuccessfully compiled "target/cljsbuild/public/js/app.js" in 0.248 seconds.[0m
notifying browser that file changed:  target/cljsbuild/public/js/out/tip_calculator/core.js
[0mCompiling "target/cljsbuild/public/js/app.js" from ["src/cljs" "src/cljc" "env/dev/cljs"]...[0m
[32mSuccessfully compiled "target/cljsbuild/public/js/app.js" in 0.321 seconds.[0m
notifying browser that file changed:  target/cljsbuild/public/js/out/tip_calculator/core.js
[0mCompiling "target/cljsbuild/public/js/app.js" from ["src/cljs" "src/cljc" "env/dev/cljs"]...[0m
[32mSuccessfully compiled "target/cljsbuild/public/js/app.js" in 0.255 seconds.[0m
notifying browser that file changed:  target/cljsbuild/public/js/out/tip_calculator/core.js
[0mCompiling "target/cljsbuild/public/js/app.js" from ["src/cljs" "src/cljc" "env/dev/cljs"]...[0m
[32mSuccessfully compiled "target/cljsbuild/public/js/app.js" in 0.271 seconds.[0m
notifying browser that file changed:  target/cljsbuild/public/js/out/tip_calculator/core.js
[0mCompiling "target/cljsbuild/public/js/app.js" from ["src/cljs" "src/cljc" "env/dev/cljs"]...[0m
[32mSuccessfully compiled "target/cljsbuild/public/js/app.js" in 0.301 seconds.[0m
notifying browser that file changed:  target/cljsbuild/public/js/out/tip_calculator/core.js
[0mCompiling "target/cljsbuild/public/js/app.js" from ["src/cljs" "src/cljc" "env/dev/cljs"]...[0m
[32mSuccessfully compiled "target/cljsbuild/public/js/app.js" in 0.229 seconds.[0m
notifying browser that file changed:  target/cljsbuild/public/js/out/tip_calculator/core.js
[0mCompiling "target/cljsbuild/public/js/app.js" from ["src/cljs" "src/cljc" "env/dev/cljs"]...[0m
[36m----  Compiler Warning on   src/cljs/tip_calculator/core.cljs   line:57  column:4  ----[0m

  [1mUse of undeclared Var tip-calculator.core/defc[0m

  [36m53[0m  [36m  [cost per][0m
  [36m54[0m  [36m  (* cost per 0.01))[0m
  [36m55[0m  [36m[0m
  [36m56[0m  [36m(defn home [][0m
  [33m57[0m  [1m  (defc mcost 0.0)[0m
  [0m  [0m  [33m   ^--- Use of undeclared Var tip-calculator.core/defc[0m
  [36m58[0m  [36m  (defc tipper 0.0)[0m
  [36m59[0m  [36m  (defc tip 0.0)[0m
  [36m60[0m  [36m  (h/div :class "container"[0m
  [36m61[0m  [36m         (h/div[0m
  [36m62[0m  [36m          :html[0m

[36m----  Compiler Warning : Please see src/cljs/tip_calculator/core.cljs  ----[0m
[36m----  Compiler Warning on   src/cljs/tip_calculator/core.cljs   line:57  column:9  ----[0m

  [1mUse of undeclared Var tip-calculator.core/mcost[0m

  [36m53[0m  [36m  [cost per][0m
  [36m54[0m  [36m  (* cost per 0.01))[0m
  [36m55[0m  [36m[0m
  [36m56[0m  [36m(defn home [][0m
  [33m57[0m  [1m  (defc mcost 0.0)[0m
  [0m  [0m  [33m        ^--- Use of undeclared Var tip-calculator.core/mcost[0m
  [36m58[0m  [36m  (defc tipper 0.0)[0m
  [36m59[0m  [36m  (defc tip 0.0)[0m
  [36m60[0m  [36m  (h/div :class "container"[0m
  [36m61[0m  [36m         (h/div[0m
  [36m62[0m  [36m          :html[0m

[36m----  Compiler Warning : Please see src/cljs/tip_calculator/core.cljs  ----[0m
[36m----  Compiler Warning on   src/cljs/tip_calculator/core.cljs   line:58  column:4  ----[0m

  [1mUse of undeclared Var tip-calculator.core/defc[0m

  [36m54[0m  [36m  (* cost per 0.01))[0m
  [36m55[0m  [36m[0m
  [36m56[0m  [36m(defn home [][0m
  [36m57[0m  [36m  (defc mcost 0.0)[0m
  [33m58[0m  [1m  (defc tipper 0.0)[0m
  [0m  [0m  [33m   ^--- Use of undeclared Var tip-calculator.core/defc[0m
  [36m59[0m  [36m  (defc tip 0.0)[0m
  [36m60[0m  [36m  (h/div :class "container"[0m
  [36m61[0m  [36m         (h/div[0m
  [36m62[0m  [36m          :html[0m
  [36m63[0m  [36m          (cell=[0m

[36m----  Compiler Warning : Please see src/cljs/tip_calculator/core.cljs  ----[0m
[36m----  Compiler Warning on   src/cljs/tip_calculator/core.cljs   line:58  column:9  ----[0m

  [1mUse of undeclared Var tip-calculator.core/tipper[0m

  [36m54[0m  [36m  (* cost per 0.01))[0m
  [36m55[0m  [36m[0m
  [36m56[0m  [36m(defn home [][0m
  [36m57[0m  [36m  (defc mcost 0.0)[0m
  [33m58[0m  [1m  (defc tipper 0.0)[0m
  [0m  [0m  [33m        ^--- Use of undeclared Var tip-calculator.core/tipper[0m
  [36m59[0m  [36m  (defc tip 0.0)[0m
  [36m60[0m  [36m  (h/div :class "container"[0m
  [36m61[0m  [36m         (h/div[0m
  [36m62[0m  [36m          :html[0m
  [36m63[0m  [36m          (cell=[0m

[36m----  Compiler Warning : Please see src/cljs/tip_calculator/core.cljs  ----[0m
[36m----  Compiler Warning on   src/cljs/tip_calculator/core.cljs   line:59  column:4  ----[0m

  [1mUse of undeclared Var tip-calculator.core/defc[0m

  [36m56[0m  [36m(defn home [][0m
  [36m57[0m  [36m  (defc mcost 0.0)[0m
  [36m58[0m  [36m  (defc tipper 0.0)[0m
  [33m59[0m  [1m  (defc tip 0.0)[0m
  [0m  [0m  [33m   ^--- Use of undeclared Var tip-calculator.core/defc[0m
  [36m60[0m  [36m  (h/div :class "container"[0m
  [36m61[0m  [36m         (h/div[0m
  [36m62[0m  [36m          :html[0m
  [36m63[0m  [36m          (cell=[0m
  [36m64[0m  [36m           (h/table[0m

[36m----  Compiler Warning : Please see src/cljs/tip_calculator/core.cljs  ----[0m
[36m----  Compiler Warning on   src/cljs/tip_calculator/core.cljs   line:59  column:9  ----[0m

  [1mUse of undeclared Var tip-calculator.core/tip[0m

  [36m56[0m  [36m(defn home [][0m
  [36m57[0m  [36m  (defc mcost 0.0)[0m
  [36m58[0m  [36m  (defc tipper 0.0)[0m
  [33m59[0m  [1m  (defc tip 0.0)[0m
  [0m  [0m  [33m        ^--- Use of undeclared Var tip-calculator.core/tip[0m
  [36m60[0m  [36m  (h/div :class "container"[0m
  [36m61[0m  [36m         (h/div[0m
  [36m62[0m  [36m          :html[0m
  [36m63[0m  [36m          (cell=[0m
  [36m64[0m  [36m           (h/table[0m

[36m----  Compiler Warning : Please see src/cljs/tip_calculator/core.cljs  ----[0m
[32mSuccessfully compiled "target/cljsbuild/public/js/app.js" in 0.442 seconds.[0m
notifying browser that file changed:  target/cljsbuild/public/js/out/tip_calculator/core.js
[0mCompiling "target/cljsbuild/public/js/app.js" from ["src/cljs" "src/cljc" "env/dev/cljs"]...[0m
[36m----  Compiler Warning on   src/cljs/tip_calculator/core.cljs   line:57  column:4  ----[0m

  [1mUse of undeclared Var hoplon.core/defc[0m

  [36m53[0m  [36m  [cost per][0m
  [36m54[0m  [36m  (* cost per 0.01))[0m
  [36m55[0m  [36m[0m
  [36m56[0m  [36m(defn home [][0m
  [33m57[0m  [1m  (h/defc mcost 0.0)[0m
  [0m  [0m  [33m   ^--- Use of undeclared Var hoplon.core/defc[0m
  [36m58[0m  [36m  (h/defc tipper 0.0)[0m
  [36m59[0m  [36m  (h/defc tip 0.0)[0m
  [36m60[0m  [36m  (h/div :class "container"[0m
  [36m61[0m  [36m         (h/div[0m
  [36m62[0m  [36m          :html[0m

[36m----  Compiler Warning : Please see src/cljs/tip_calculator/core.cljs  ----[0m
[36m----  Compiler Warning on   src/cljs/tip_calculator/core.cljs   line:57  column:11  ----[0m

  [1mUse of undeclared Var tip-calculator.core/mcost[0m

  [36m53[0m  [36m  [cost per][0m
  [36m54[0m  [36m  (* cost per 0.01))[0m
  [36m55[0m  [36m[0m
  [36m56[0m  [36m(defn home [][0m
  [33m57[0m  [1m  (h/defc mcost 0.0)[0m
  [0m  [0m  [33m          ^--- Use of undeclared Var tip-calculator.core/mcost[0m
  [36m58[0m  [36m  (h/defc tipper 0.0)[0m
  [36m59[0m  [36m  (h/defc tip 0.0)[0m
  [36m60[0m  [36m  (h/div :class "container"[0m
  [36m61[0m  [36m         (h/div[0m
  [36m62[0m  [36m          :html[0m

[36m----  Compiler Warning : Please see src/cljs/tip_calculator/core.cljs  ----[0m
[36m----  Compiler Warning on   src/cljs/tip_calculator/core.cljs   line:58  column:4  ----[0m

  [1mUse of undeclared Var hoplon.core/defc[0m

  [36m54[0m  [36m  (* cost per 0.01))[0m
  [36m55[0m  [36m[0m
  [36m56[0m  [36m(defn home [][0m
  [36m57[0m  [36m  (h/defc mcost 0.0)[0m
  [33m58[0m  [1m  (h/defc tipper 0.0)[0m
  [0m  [0m  [33m   ^--- Use of undeclared Var hoplon.core/defc[0m
  [36m59[0m  [36m  (h/defc tip 0.0)[0m
  [36m60[0m  [36m  (h/div :class "container"[0m
  [36m61[0m  [36m         (h/div[0m
  [36m62[0m  [36m          :html[0m
  [36m63[0m  [36m          (cell=[0m

[36m----  Compiler Warning : Please see src/cljs/tip_calculator/core.cljs  ----[0m
[36m----  Compiler Warning on   src/cljs/tip_calculator/core.cljs   line:58  column:11  ----[0m

  [1mUse of undeclared Var tip-calculator.core/tipper[0m

  [36m54[0m  [36m  (* cost per 0.01))[0m
  [36m55[0m  [36m[0m
  [36m56[0m  [36m(defn home [][0m
  [36m57[0m  [36m  (h/defc mcost 0.0)[0m
  [33m58[0m  [1m  (h/defc tipper 0.0)[0m
  [0m  [0m  [33m          ^--- Use of undeclared Var tip-calculator.core/tipper[0m
  [36m59[0m  [36m  (h/defc tip 0.0)[0m
  [36m60[0m  [36m  (h/div :class "container"[0m
  [36m61[0m  [36m         (h/div[0m
  [36m62[0m  [36m          :html[0m
  [36m63[0m  [36m          (cell=[0m

[36m----  Compiler Warning : Please see src/cljs/tip_calculator/core.cljs  ----[0m
[36m----  Compiler Warning on   src/cljs/tip_calculator/core.cljs   line:59  column:4  ----[0m

  [1mUse of undeclared Var hoplon.core/defc[0m

  [36m56[0m  [36m(defn home [][0m
  [36m57[0m  [36m  (h/defc mcost 0.0)[0m
  [36m58[0m  [36m  (h/defc tipper 0.0)[0m
  [33m59[0m  [1m  (h/defc tip 0.0)[0m
  [0m  [0m  [33m   ^--- Use of undeclared Var hoplon.core/defc[0m
  [36m60[0m  [36m  (h/div :class "container"[0m
  [36m61[0m  [36m         (h/div[0m
  [36m62[0m  [36m          :html[0m
  [36m63[0m  [36m          (cell=[0m
  [36m64[0m  [36m           (h/table[0m

[36m----  Compiler Warning : Please see src/cljs/tip_calculator/core.cljs  ----[0m
[36m----  Compiler Warning on   src/cljs/tip_calculator/core.cljs   line:59  column:11  ----[0m

  [1mUse of undeclared Var tip-calculator.core/tip[0m

  [36m56[0m  [36m(defn home [][0m
  [36m57[0m  [36m  (h/defc mcost 0.0)[0m
  [36m58[0m  [36m  (h/defc tipper 0.0)[0m
  [33m59[0m  [1m  (h/defc tip 0.0)[0m
  [0m  [0m  [33m          ^--- Use of undeclared Var tip-calculator.core/tip[0m
  [36m60[0m  [36m  (h/div :class "container"[0m
  [36m61[0m  [36m         (h/div[0m
  [36m62[0m  [36m          :html[0m
  [36m63[0m  [36m          (cell=[0m
  [36m64[0m  [36m           (h/table[0m

[36m----  Compiler Warning : Please see src/cljs/tip_calculator/core.cljs  ----[0m
[32mSuccessfully compiled "target/cljsbuild/public/js/app.js" in 0.387 seconds.[0m
notifying browser that file changed:  target/cljsbuild/public/js/out/tip_calculator/core.js
[0mCompiling "target/cljsbuild/public/js/app.js" from ["src/cljs" "src/cljc" "env/dev/cljs"]...[0m
[36m----  Compiler Warning on   src/cljs/tip_calculator/core.cljs   line:57  column:4  ----[0m

  [1mUse of undeclared Var hoplon.core/defc[0m

  [36m53[0m  [36m  [cost per][0m
  [36m54[0m  [36m  (* cost per 0.01))[0m
  [36m55[0m  [36m[0m
  [36m56[0m  [36m(defn home [][0m
  [33m57[0m  [1m  (h/defc mcost 0.0)[0m
  [0m  [0m  [33m   ^--- Use of undeclared Var hoplon.core/defc[0m
  [36m58[0m  [36m  (h/defc tipper 0.0)[0m
  [36m59[0m  [36m  (h/defc tip 0.0)[0m
  [36m60[0m  [36m  (h/div :class "container"[0m
  [36m61[0m  [36m         (h/div[0m
  [36m62[0m  [36m          :html[0m

[36m----  Compiler Warning : Please see src/cljs/tip_calculator/core.cljs  ----[0m
[36m----  Compiler Warning on   src/cljs/tip_calculator/core.cljs   line:57  column:11  ----[0m

  [1mUse of undeclared Var tip-calculator.core/mcost[0m

  [36m53[0m  [36m  [cost per][0m
  [36m54[0m  [36m  (* cost per 0.01))[0m
  [36m55[0m  [36m[0m
  [36m56[0m  [36m(defn home [][0m
  [33m57[0m  [1m  (h/defc mcost 0.0)[0m
  [0m  [0m  [33m          ^--- Use of undeclared Var tip-calculator.core/mcost[0m
  [36m58[0m  [36m  (h/defc tipper 0.0)[0m
  [36m59[0m  [36m  (h/defc tip 0.0)[0m
  [36m60[0m  [36m  (h/div :class "container"[0m
  [36m61[0m  [36m         (h/div[0m
  [36m62[0m  [36m          :html[0m

[36m----  Compiler Warning : Please see src/cljs/tip_calculator/core.cljs  ----[0m
[36m----  Compiler Warning on   src/cljs/tip_calculator/core.cljs   line:58  column:4  ----[0m

  [1mUse of undeclared Var hoplon.core/defc[0m

  [36m54[0m  [36m  (* cost per 0.01))[0m
  [36m55[0m  [36m[0m
  [36m56[0m  [36m(defn home [][0m
  [36m57[0m  [36m  (h/defc mcost 0.0)[0m
  [33m58[0m  [1m  (h/defc tipper 0.0)[0m
  [0m  [0m  [33m   ^--- Use of undeclared Var hoplon.core/defc[0m
  [36m59[0m  [36m  (h/defc tip 0.0)[0m
  [36m60[0m  [36m  (h/div :class "container"[0m
  [36m61[0m  [36m         (h/div[0m
  [36m62[0m  [36m          :html[0m
  [36m63[0m  [36m          (cell=[0m

[36m----  Compiler Warning : Please see src/cljs/tip_calculator/core.cljs  ----[0m
[36m----  Compiler Warning on   src/cljs/tip_calculator/core.cljs   line:58  column:11  ----[0m

  [1mUse of undeclared Var tip-calculator.core/tipper[0m

  [36m54[0m  [36m  (* cost per 0.01))[0m
  [36m55[0m  [36m[0m
  [36m56[0m  [36m(defn home [][0m
  [36m57[0m  [36m  (h/defc mcost 0.0)[0m
  [33m58[0m  [1m  (h/defc tipper 0.0)[0m
  [0m  [0m  [33m          ^--- Use of undeclared Var tip-calculator.core/tipper[0m
  [36m59[0m  [36m  (h/defc tip 0.0)[0m
  [36m60[0m  [36m  (h/div :class "container"[0m
  [36m61[0m  [36m         (h/div[0m
  [36m62[0m  [36m          :html[0m
  [36m63[0m  [36m          (cell=[0m

[36m----  Compiler Warning : Please see src/cljs/tip_calculator/core.cljs  ----[0m
[36m----  Compiler Warning on   src/cljs/tip_calculator/core.cljs   line:59  column:4  ----[0m

  [1mUse of undeclared Var hoplon.core/defc[0m

  [36m56[0m  [36m(defn home [][0m
  [36m57[0m  [36m  (h/defc mcost 0.0)[0m
  [36m58[0m  [36m  (h/defc tipper 0.0)[0m
  [33m59[0m  [1m  (h/defc tip 0.0)[0m
  [0m  [0m  [33m   ^--- Use of undeclared Var hoplon.core/defc[0m
  [36m60[0m  [36m  (h/div :class "container"[0m
  [36m61[0m  [36m         (h/div[0m
  [36m62[0m  [36m          :html[0m
  [36m63[0m  [36m          (cell=[0m
  [36m64[0m  [36m           (h/table[0m

[36m----  Compiler Warning : Please see src/cljs/tip_calculator/core.cljs  ----[0m
[36m----  Compiler Warning on   src/cljs/tip_calculator/core.cljs   line:59  column:11  ----[0m

  [1mUse of undeclared Var tip-calculator.core/tip[0m

  [36m56[0m  [36m(defn home [][0m
  [36m57[0m  [36m  (h/defc mcost 0.0)[0m
  [36m58[0m  [36m  (h/defc tipper 0.0)[0m
  [33m59[0m  [1m  (h/defc tip 0.0)[0m
  [0m  [0m  [33m          ^--- Use of undeclared Var tip-calculator.core/tip[0m
  [36m60[0m  [36m  (h/div :class "container"[0m
  [36m61[0m  [36m         (h/div[0m
  [36m62[0m  [36m          :html[0m
  [36m63[0m  [36m          (cell=[0m
  [36m64[0m  [36m           (h/table[0m

[36m----  Compiler Warning : Please see src/cljs/tip_calculator/core.cljs  ----[0m
[32mSuccessfully compiled "target/cljsbuild/public/js/app.js" in 0.382 seconds.[0m
notifying browser that file changed:  target/cljsbuild/public/js/out/tip_calculator/core.js
[0mCompiling "target/cljsbuild/public/js/app.js" from ["src/cljs" "src/cljc" "env/dev/cljs"]...[0m
[36m----  Compiler Warning on   src/cljs/tip_calculator/core.cljs   line:57  column:4  ----[0m

  [1mUse of undeclared Var hoplon.jquery/defc[0m

  [36m53[0m  [36m  [cost per][0m
  [36m54[0m  [36m  (* cost per 0.01))[0m
  [36m55[0m  [36m[0m
  [36m56[0m  [36m(defn home [][0m
  [33m57[0m  [1m  (hoplon.jquery/defc mcost 0.0)[0m
  [0m  [0m  [33m   ^--- Use of undeclared Var hoplon.jquery/defc[0m
  [36m58[0m  [36m  (h/defc tipper 0.0)[0m
  [36m59[0m  [36m  (h/defc tip 0.0)[0m
  [36m60[0m  [36m  (h/div :class "container"[0m
  [36m61[0m  [36m         (h/div[0m
  [36m62[0m  [36m          :html[0m

[36m----  Compiler Warning : Please see src/cljs/tip_calculator/core.cljs  ----[0m
[36m----  Compiler Warning on   src/cljs/tip_calculator/core.cljs   line:57  column:23  ----[0m

  [1mUse of undeclared Var tip-calculator.core/mcost[0m

  [36m53[0m  [36m  [cost per][0m
  [36m54[0m  [36m  (* cost per 0.01))[0m
  [36m55[0m  [36m[0m
  [36m56[0m  [36m(defn home [][0m
  [33m57[0m  [1m  (hoplon.jquery/defc mcost 0.0)[0m
  [0m  [0m  [33m                      ^--- Use of undeclared Var tip-calculator.core/mcost[0m
  [36m58[0m  [36m  (h/defc tipper 0.0)[0m
  [36m59[0m  [36m  (h/defc tip 0.0)[0m
  [36m60[0m  [36m  (h/div :class "container"[0m
  [36m61[0m  [36m         (h/div[0m
  [36m62[0m  [36m          :html[0m

[36m----  Compiler Warning : Please see src/cljs/tip_calculator/core.cljs  ----[0m
[36m----  Compiler Warning on   src/cljs/tip_calculator/core.cljs   line:58  column:4  ----[0m

  [1mUse of undeclared Var hoplon.core/defc[0m

  [36m54[0m  [36m  (* cost per 0.01))[0m
  [36m55[0m  [36m[0m
  [36m56[0m  [36m(defn home [][0m
  [36m57[0m  [36m  (hoplon.jquery/defc mcost 0.0)[0m
  [33m58[0m  [1m  (h/defc tipper 0.0)[0m
  [0m  [0m  [33m   ^--- Use of undeclared Var hoplon.core/defc[0m
  [36m59[0m  [36m  (h/defc tip 0.0)[0m
  [36m60[0m  [36m  (h/div :class "container"[0m
  [36m61[0m  [36m         (h/div[0m
  [36m62[0m  [36m          :html[0m
  [36m63[0m  [36m          (cell=[0m

[36m----  Compiler Warning : Please see src/cljs/tip_calculator/core.cljs  ----[0m
[36m----  Compiler Warning on   src/cljs/tip_calculator/core.cljs   line:58  column:11  ----[0m

  [1mUse of undeclared Var tip-calculator.core/tipper[0m

  [36m54[0m  [36m  (* cost per 0.01))[0m
  [36m55[0m  [36m[0m
  [36m56[0m  [36m(defn home [][0m
  [36m57[0m  [36m  (hoplon.jquery/defc mcost 0.0)[0m
  [33m58[0m  [1m  (h/defc tipper 0.0)[0m
  [0m  [0m  [33m          ^--- Use of undeclared Var tip-calculator.core/tipper[0m
  [36m59[0m  [36m  (h/defc tip 0.0)[0m
  [36m60[0m  [36m  (h/div :class "container"[0m
  [36m61[0m  [36m         (h/div[0m
  [36m62[0m  [36m          :html[0m
  [36m63[0m  [36m          (cell=[0m

[36m----  Compiler Warning : Please see src/cljs/tip_calculator/core.cljs  ----[0m
[36m----  Compiler Warning on   src/cljs/tip_calculator/core.cljs   line:59  column:4  ----[0m

  [1mUse of undeclared Var hoplon.core/defc[0m

  [36m56[0m  [36m(defn home [][0m
  [36m57[0m  [36m  (hoplon.jquery/defc mcost 0.0)[0m
  [36m58[0m  [36m  (h/defc tipper 0.0)[0m
  [33m59[0m  [1m  (h/defc tip 0.0)[0m
  [0m  [0m  [33m   ^--- Use of undeclared Var hoplon.core/defc[0m
  [36m60[0m  [36m  (h/div :class "container"[0m
  [36m61[0m  [36m         (h/div[0m
  [36m62[0m  [36m          :html[0m
  [36m63[0m  [36m          (cell=[0m
  [36m64[0m  [36m           (h/table[0m

[36m----  Compiler Warning : Please see src/cljs/tip_calculator/core.cljs  ----[0m
[36m----  Compiler Warning on   src/cljs/tip_calculator/core.cljs   line:59  column:11  ----[0m

  [1mUse of undeclared Var tip-calculator.core/tip[0m

  [36m56[0m  [36m(defn home [][0m
  [36m57[0m  [36m  (hoplon.jquery/defc mcost 0.0)[0m
  [36m58[0m  [36m  (h/defc tipper 0.0)[0m
  [33m59[0m  [1m  (h/defc tip 0.0)[0m
  [0m  [0m  [33m          ^--- Use of undeclared Var tip-calculator.core/tip[0m
  [36m60[0m  [36m  (h/div :class "container"[0m
  [36m61[0m  [36m         (h/div[0m
  [36m62[0m  [36m          :html[0m
  [36m63[0m  [36m          (cell=[0m
  [36m64[0m  [36m           (h/table[0m

[36m----  Compiler Warning : Please see src/cljs/tip_calculator/core.cljs  ----[0m
[32mSuccessfully compiled "target/cljsbuild/public/js/app.js" in 0.325 seconds.[0m
notifying browser that file changed:  target/cljsbuild/public/js/out/tip_calculator/core.js
[0mCompiling "target/cljsbuild/public/js/app.js" from ["src/cljs" "src/cljc" "env/dev/cljs"]...[0m
[36m----  Compiler Warning on   src/cljs/tip_calculator/core.cljs   line:57  column:4  ----[0m

  [1mUse of undeclared Var hoplon.core/defc[0m

  [36m53[0m  [36m  [cost per][0m
  [36m54[0m  [36m  (* cost per 0.01))[0m
  [36m55[0m  [36m[0m
  [36m56[0m  [36m(defn home [][0m
  [33m57[0m  [1m  (h/defc mcost 0.0)[0m
  [0m  [0m  [33m   ^--- Use of undeclared Var hoplon.core/defc[0m
  [36m58[0m  [36m  (h/defc tipper 0.0)[0m
  [36m59[0m  [36m  (h/defc tip 0.0)[0m
  [36m60[0m  [36m  (h/div :class "container"[0m
  [36m61[0m  [36m         (h/div[0m
  [36m62[0m  [36m          :html[0m

[36m----  Compiler Warning : Please see src/cljs/tip_calculator/core.cljs  ----[0m
[36m----  Compiler Warning on   src/cljs/tip_calculator/core.cljs   line:57  column:11  ----[0m

  [1mUse of undeclared Var tip-calculator.core/mcost[0m

  [36m53[0m  [36m  [cost per][0m
  [36m54[0m  [36m  (* cost per 0.01))[0m
  [36m55[0m  [36m[0m
  [36m56[0m  [36m(defn home [][0m
  [33m57[0m  [1m  (h/defc mcost 0.0)[0m
  [0m  [0m  [33m          ^--- Use of undeclared Var tip-calculator.core/mcost[0m
  [36m58[0m  [36m  (h/defc tipper 0.0)[0m
  [36m59[0m  [36m  (h/defc tip 0.0)[0m
  [36m60[0m  [36m  (h/div :class "container"[0m
  [36m61[0m  [36m         (h/div[0m
  [36m62[0m  [36m          :html[0m

[36m----  Compiler Warning : Please see src/cljs/tip_calculator/core.cljs  ----[0m
[36m----  Compiler Warning on   src/cljs/tip_calculator/core.cljs   line:58  column:4  ----[0m

  [1mUse of undeclared Var hoplon.core/defc[0m

  [36m54[0m  [36m  (* cost per 0.01))[0m
  [36m55[0m  [36m[0m
  [36m56[0m  [36m(defn home [][0m
  [36m57[0m  [36m  (h/defc mcost 0.0)[0m
  [33m58[0m  [1m  (h/defc tipper 0.0)[0m
  [0m  [0m  [33m   ^--- Use of undeclared Var hoplon.core/defc[0m
  [36m59[0m  [36m  (h/defc tip 0.0)[0m
  [36m60[0m  [36m  (h/div :class "container"[0m
  [36m61[0m  [36m         (h/div[0m
  [36m62[0m  [36m          :html[0m
  [36m63[0m  [36m          (cell=[0m

[36m----  Compiler Warning : Please see src/cljs/tip_calculator/core.cljs  ----[0m
[36m----  Compiler Warning on   src/cljs/tip_calculator/core.cljs   line:58  column:11  ----[0m

  [1mUse of undeclared Var tip-calculator.core/tipper[0m

  [36m54[0m  [36m  (* cost per 0.01))[0m
  [36m55[0m  [36m[0m
  [36m56[0m  [36m(defn home [][0m
  [36m57[0m  [36m  (h/defc mcost 0.0)[0m
  [33m58[0m  [1m  (h/defc tipper 0.0)[0m
  [0m  [0m  [33m          ^--- Use of undeclared Var tip-calculator.core/tipper[0m
  [36m59[0m  [36m  (h/defc tip 0.0)[0m
  [36m60[0m  [36m  (h/div :class "container"[0m
  [36m61[0m  [36m         (h/div[0m
  [36m62[0m  [36m          :html[0m
  [36m63[0m  [36m          (cell=[0m

[36m----  Compiler Warning : Please see src/cljs/tip_calculator/core.cljs  ----[0m
[36m----  Compiler Warning on   src/cljs/tip_calculator/core.cljs   line:59  column:4  ----[0m

  [1mUse of undeclared Var hoplon.core/defc[0m

  [36m56[0m  [36m(defn home [][0m
  [36m57[0m  [36m  (h/defc mcost 0.0)[0m
  [36m58[0m  [36m  (h/defc tipper 0.0)[0m
  [33m59[0m  [1m  (h/defc tip 0.0)[0m
  [0m  [0m  [33m   ^--- Use of undeclared Var hoplon.core/defc[0m
  [36m60[0m  [36m  (h/div :class "container"[0m
  [36m61[0m  [36m         (h/div[0m
  [36m62[0m  [36m          :html[0m
  [36m63[0m  [36m          (cell=[0m
  [36m64[0m  [36m           (h/table[0m

[36m----  Compiler Warning : Please see src/cljs/tip_calculator/core.cljs  ----[0m
[36m----  Compiler Warning on   src/cljs/tip_calculator/core.cljs   line:59  column:11  ----[0m

  [1mUse of undeclared Var tip-calculator.core/tip[0m

  [36m56[0m  [36m(defn home [][0m
  [36m57[0m  [36m  (h/defc mcost 0.0)[0m
  [36m58[0m  [36m  (h/defc tipper 0.0)[0m
  [33m59[0m  [1m  (h/defc tip 0.0)[0m
  [0m  [0m  [33m          ^--- Use of undeclared Var tip-calculator.core/tip[0m
  [36m60[0m  [36m  (h/div :class "container"[0m
  [36m61[0m  [36m         (h/div[0m
  [36m62[0m  [36m          :html[0m
  [36m63[0m  [36m          (cell=[0m
  [36m64[0m  [36m           (h/table[0m

[36m----  Compiler Warning : Please see src/cljs/tip_calculator/core.cljs  ----[0m
[32mSuccessfully compiled "target/cljsbuild/public/js/app.js" in 0.342 seconds.[0m
notifying browser that file changed:  target/cljsbuild/public/js/out/tip_calculator/core.js
[0mCompiling "target/cljsbuild/public/js/app.js" from ["src/cljs" "src/cljc" "env/dev/cljs"]...[0m
[32mSuccessfully compiled "target/cljsbuild/public/js/app.js" in 0.236 seconds.[0m
notifying browser that file changed:  target/cljsbuild/public/js/out/tip_calculator/core.js
[0mCompiling "target/cljsbuild/public/js/app.js" from ["src/cljs" "src/cljc" "env/dev/cljs"]...[0m
[32mSuccessfully compiled "target/cljsbuild/public/js/app.js" in 0.264 seconds.[0m
notifying browser that file changed:  target/cljsbuild/public/js/out/tip_calculator/core.js
[0mCompiling "target/cljsbuild/public/js/app.js" from ["src/cljs" "src/cljc" "env/dev/cljs"]...[0m
[32mSuccessfully compiled "target/cljsbuild/public/js/app.js" in 0.263 seconds.[0m
notifying browser that file changed:  target/cljsbuild/public/js/out/tip_calculator/core.js
[0mCompiling "target/cljsbuild/public/js/app.js" from ["src/cljs" "src/cljc" "env/dev/cljs"]...[0m
[32mSuccessfully compiled "target/cljsbuild/public/js/app.js" in 0.235 seconds.[0m
notifying browser that file changed:  target/cljsbuild/public/js/out/tip_calculator/core.js
[0mCompiling "target/cljsbuild/public/js/app.js" from ["src/cljs" "src/cljc" "env/dev/cljs"]...[0m
[32mSuccessfully compiled "target/cljsbuild/public/js/app.js" in 0.28 seconds.[0m
notifying browser that file changed:  target/cljsbuild/public/js/out/tip_calculator/core.js
[0mCompiling "target/cljsbuild/public/js/app.js" from ["src/cljs" "src/cljc" "env/dev/cljs"]...[0m
[32mSuccessfully compiled "target/cljsbuild/public/js/app.js" in 0.23 seconds.[0m
notifying browser that file changed:  target/cljsbuild/public/js/out/tip_calculator/core.js
[0mCompiling "target/cljsbuild/public/js/app.js" from ["src/cljs" "src/cljc" "env/dev/cljs"]...[0m
[32mSuccessfully compiled "target/cljsbuild/public/js/app.js" in 0.262 seconds.[0m
notifying browser that file changed:  target/cljsbuild/public/js/out/tip_calculator/core.js
[0mCompiling "target/cljsbuild/public/js/app.js" from ["src/cljs" "src/cljc" "env/dev/cljs"]...[0m
[32mSuccessfully compiled "target/cljsbuild/public/js/app.js" in 0.253 seconds.[0m
notifying browser that file changed:  target/cljsbuild/public/js/out/tip_calculator/core.js
[0mCompiling "target/cljsbuild/public/js/app.js" from ["src/cljs" "src/cljc" "env/dev/cljs"]...[0m
[32mSuccessfully compiled "target/cljsbuild/public/js/app.js" in 0.235 seconds.[0m
notifying browser that file changed:  target/cljsbuild/public/js/out/tip_calculator/core.js
[0mCompiling "target/cljsbuild/public/js/app.js" from ["src/cljs" "src/cljc" "env/dev/cljs"]...[0m
[32mSuccessfully compiled "target/cljsbuild/public/js/app.js" in 0.278 seconds.[0m
notifying browser that file changed:  target/cljsbuild/public/js/out/tip_calculator/core.js
[0mCompiling "target/cljsbuild/public/js/app.js" from ["src/cljs" "src/cljc" "env/dev/cljs"]...[0m
[32mSuccessfully compiled "target/cljsbuild/public/js/app.js" in 0.238 seconds.[0m
notifying browser that file changed:  target/cljsbuild/public/js/out/tip_calculator/core.js
[0mCompiling "target/cljsbuild/public/js/app.js" from ["src/cljs" "src/cljc" "env/dev/cljs"]...[0m
[32mSuccessfully compiled "target/cljsbuild/public/js/app.js" in 0.216 seconds.[0m
notifying browser that file changed:  target/cljsbuild/public/js/out/tip_calculator/core.js
[0mCompiling "target/cljsbuild/public/js/app.js" from ["src/cljs" "src/cljc" "env/dev/cljs"]...[0m
[32mSuccessfully compiled "target/cljsbuild/public/js/app.js" in 0.222 seconds.[0m
notifying browser that file changed:  target/cljsbuild/public/js/out/tip_calculator/core.js
[0mCompiling "target/cljsbuild/public/js/app.js" from ["src/cljs" "src/cljc" "env/dev/cljs"]...[0m
[32mSuccessfully compiled "target/cljsbuild/public/js/app.js" in 0.26 seconds.[0m
notifying browser that file changed:  target/cljsbuild/public/js/out/tip_calculator/core.js
[0mCompiling "target/cljsbuild/public/js/app.js" from ["src/cljs" "src/cljc" "env/dev/cljs"]...[0m
[32mSuccessfully compiled "target/cljsbuild/public/js/app.js" in 0.227 seconds.[0m
notifying browser that file changed:  target/cljsbuild/public/js/out/tip_calculator/core.js
[0mCompiling "target/cljsbuild/public/js/app.js" from ["src/cljs" "src/cljc" "env/dev/cljs"]...[0m
[32mSuccessfully compiled "target/cljsbuild/public/js/app.js" in 0.217 seconds.[0m
notifying browser that file changed:  target/cljsbuild/public/js/out/tip_calculator/core.js
[0mCompiling "target/cljsbuild/public/js/app.js" from ["src/cljs" "src/cljc" "env/dev/cljs"]...[0m
[32mSuccessfully compiled "target/cljsbuild/public/js/app.js" in 0.221 seconds.[0m
notifying browser that file changed:  target/cljsbuild/public/js/out/tip_calculator/core.js
[0mCompiling "target/cljsbuild/public/js/app.js" from ["src/cljs" "src/cljc" "env/dev/cljs"]...[0m
[32mSuccessfully compiled "target/cljsbuild/public/js/app.js" in 0.239 seconds.[0m
notifying browser that file changed:  target/cljsbuild/public/js/out/tip_calculator/core.js
[0mCompiling "target/cljsbuild/public/js/app.js" from ["src/cljs" "src/cljc" "env/dev/cljs"]...[0m
[32mSuccessfully compiled "target/cljsbuild/public/js/app.js" in 0.245 seconds.[0m
notifying browser that file changed:  target/cljsbuild/public/js/out/tip_calculator/core.js
[0mCompiling "target/cljsbuild/public/js/app.js" from ["src/cljs" "src/cljc" "env/dev/cljs"]...[0m
[32mSuccessfully compiled "target/cljsbuild/public/js/app.js" in 0.214 seconds.[0m
notifying browser that file changed:  target/cljsbuild/public/js/out/tip_calculator/core.js
[0mCompiling "target/cljsbuild/public/js/app.js" from ["src/cljs" "src/cljc" "env/dev/cljs"]...[0m
[32mSuccessfully compiled "target/cljsbuild/public/js/app.js" in 0.221 seconds.[0m
notifying browser that file changed:  target/cljsbuild/public/js/out/tip_calculator/core.js
[0mCompiling "target/cljsbuild/public/js/app.js" from ["src/cljs" "src/cljc" "env/dev/cljs"]...[0m
[32mSuccessfully compiled "target/cljsbuild/public/js/app.js" in 0.24 seconds.[0m
notifying browser that file changed:  target/cljsbuild/public/js/out/tip_calculator/core.js
[0mCompiling "target/cljsbuild/public/js/app.js" from ["src/cljs" "src/cljc" "env/dev/cljs"]...[0m
[32mSuccessfully compiled "target/cljsbuild/public/js/app.js" in 0.215 seconds.[0m
notifying browser that file changed:  target/cljsbuild/public/js/out/tip_calculator/core.js
[0mCompiling "target/cljsbuild/public/js/app.js" from ["src/cljs" "src/cljc" "env/dev/cljs"]...[0m
[31mFailed to compile "target/cljsbuild/public/js/app.js" in 0.118 seconds.[0m
[36m----  Could not Read  src/cljs/tip_calculator/core.cljs   line:56  column:1  ----[0m

  [1mEOF while reading, starting at line 56 and column 1[0m

  [36m54[0m  [36m  (* cost per 0.01))[0m
  [36m55[0m  [36m[0m
  [33m56[0m  [1m(defn home [][0m
  [0m  [0m  [33m^--- EOF while reading, starting at line 56 and column 1[0m
  [36m57[0m  [36m  (def mcost (cell 0))[0m
  [36m58[0m  [36m  (def tipper (cell 0))[0m
  [36m59[0m  [36m  (def tip (cell 0))[0m

[36m----  Reader Error : Please see src/cljs/tip_calculator/core.cljs  ----[0m
[0mCompiling "target/cljsbuild/public/js/app.js" from ["src/cljs" "src/cljc" "env/dev/cljs"]...[0m
[32mSuccessfully compiled "target/cljsbuild/public/js/app.js" in 0.222 seconds.[0m
notifying browser that file changed:  target/cljsbuild/public/js/out/tip_calculator/core.js
[0mCompiling "target/cljsbuild/public/js/app.js" from ["src/cljs" "src/cljc" "env/dev/cljs"]...[0m
[32mSuccessfully compiled "target/cljsbuild/public/js/app.js" in 0.223 seconds.[0m
notifying browser that file changed:  target/cljsbuild/public/js/out/tip_calculator/core.js
[0mCompiling "target/cljsbuild/public/js/app.js" from ["src/cljs" "src/cljc" "env/dev/cljs"]...[0m
[32mSuccessfully compiled "target/cljsbuild/public/js/app.js" in 0.244 seconds.[0m
notifying browser that file changed:  target/cljsbuild/public/js/out/tip_calculator/core.js
[0mCompiling "target/cljsbuild/public/js/app.js" from ["src/cljs" "src/cljc" "env/dev/cljs"]...[0m
[32mSuccessfully compiled "target/cljsbuild/public/js/app.js" in 0.225 seconds.[0m
notifying browser that file changed:  target/cljsbuild/public/js/out/tip_calculator/core.js
[0mCompiling "target/cljsbuild/public/js/app.js" from ["src/cljs" "src/cljc" "env/dev/cljs"]...[0m
[32mSuccessfully compiled "target/cljsbuild/public/js/app.js" in 0.243 seconds.[0m
notifying browser that file changed:  target/cljsbuild/public/js/out/tip_calculator/core.js
[0mCompiling "target/cljsbuild/public/js/app.js" from ["src/cljs" "src/cljc" "env/dev/cljs"]...[0m
[32mSuccessfully compiled "target/cljsbuild/public/js/app.js" in 0.275 seconds.[0m
notifying browser that file changed:  target/cljsbuild/public/js/out/tip_calculator/core.js
[0mCompiling "target/cljsbuild/public/js/app.js" from ["src/cljs" "src/cljc" "env/dev/cljs"]...[0m
[32mSuccessfully compiled "target/cljsbuild/public/js/app.js" in 0.215 seconds.[0m
notifying browser that file changed:  target/cljsbuild/public/js/out/tip_calculator/core.js
[0mCompiling "target/cljsbuild/public/js/app.js" from ["src/cljs" "src/cljc" "env/dev/cljs"]...[0m
[32mSuccessfully compiled "target/cljsbuild/public/js/app.js" in 0.213 seconds.[0m
notifying browser that file changed:  target/cljsbuild/public/js/out/tip_calculator/core.js
[0mCompiling "target/cljsbuild/public/js/app.js" from ["src/cljs" "src/cljc" "env/dev/cljs"]...[0m
[32mSuccessfully compiled "target/cljsbuild/public/js/app.js" in 0.257 seconds.[0m
notifying browser that file changed:  target/cljsbuild/public/js/out/tip_calculator/core.js
[0mCompiling "target/cljsbuild/public/js/app.js" from ["src/cljs" "src/cljc" "env/dev/cljs"]...[0m
[32mSuccessfully compiled "target/cljsbuild/public/js/app.js" in 0.252 seconds.[0m
notifying browser that file changed:  target/cljsbuild/public/js/out/tip_calculator/core.js
[0mCompiling "target/cljsbuild/public/js/app.js" from ["src/cljs" "src/cljc" "env/dev/cljs"]...[0m
[32mSuccessfully compiled "target/cljsbuild/public/js/app.js" in 0.239 seconds.[0m
notifying browser that file changed:  target/cljsbuild/public/js/out/tip_calculator/core.js
[0mCompiling "target/cljsbuild/public/js/app.js" from ["src/cljs" "src/cljc" "env/dev/cljs"]...[0m
[32mSuccessfully compiled "target/cljsbuild/public/js/app.js" in 0.242 seconds.[0m
notifying browser that file changed:  target/cljsbuild/public/js/out/tip_calculator/core.js
[0mCompiling "target/cljsbuild/public/js/app.js" from ["src/cljs" "src/cljc" "env/dev/cljs"]...[0m
[32mSuccessfully compiled "target/cljsbuild/public/js/app.js" in 0.252 seconds.[0m
notifying browser that file changed:  target/cljsbuild/public/js/out/tip_calculator/core.js
[0mCompiling "target/cljsbuild/public/js/app.js" from ["src/cljs" "src/cljc" "env/dev/cljs"]...[0m
[32mSuccessfully compiled "target/cljsbuild/public/js/app.js" in 0.229 seconds.[0m
notifying browser that file changed:  target/cljsbuild/public/js/out/tip_calculator/core.js
[0mCompiling "target/cljsbuild/public/js/app.js" from ["src/cljs" "src/cljc" "env/dev/cljs"]...[0m
[32mSuccessfully compiled "target/cljsbuild/public/js/app.js" in 0.239 seconds.[0m
notifying browser that file changed:  target/cljsbuild/public/js/out/tip_calculator/core.js
[0mCompiling "target/cljsbuild/public/js/app.js" from ["src/cljs" "src/cljc" "env/dev/cljs"]...[0m
[32mSuccessfully compiled "target/cljsbuild/public/js/app.js" in 0.238 seconds.[0m
notifying browser that file changed:  target/cljsbuild/public/js/out/tip_calculator/core.js
[0mCompiling "target/cljsbuild/public/js/app.js" from ["src/cljs" "src/cljc" "env/dev/cljs"]...[0m
[36m----  Compiler Warning on   src/cljs/tip_calculator/core.cljs   line:59  column:13  ----[0m

  [1mUse of undeclared Var tip-calculator.core/defc=[0m

  [36m56[0m  [36m(defn home [][0m
  [36m57[0m  [36m  (def mcost (cell 20))[0m
  [36m58[0m  [36m  (def tipper (cell 15))[0m
  [33m59[0m  [1m  (def tip (defc= (tip-calc mcost tipper)))[0m
  [0m  [0m  [33m            ^--- Use of undeclared Var tip-calculator.core/defc=[0m
  [36m60[0m  [36m  (h/div :class "container"[0m
  [36m61[0m  [36m         (h/div[0m
  [36m62[0m  [36m          :html[0m
  [36m63[0m  [36m          (cell=[0m
  [36m64[0m  [36m           (h/table[0m

[36m----  Compiler Warning : Please see src/cljs/tip_calculator/core.cljs  ----[0m
[32mSuccessfully compiled "target/cljsbuild/public/js/app.js" in 0.25 seconds.[0m
notifying browser that file changed:  target/cljsbuild/public/js/out/tip_calculator/core.js
[0mCompiling "target/cljsbuild/public/js/app.js" from ["src/cljs" "src/cljc" "env/dev/cljs"]...[0m
[31mFailed to compile "target/cljsbuild/public/js/app.js" in 0.128 seconds.[0m
[36m----  Could not Analyze  src/cljs/tip_calculator/core.cljs   line:59  column:12  ----[0m

  [1mWrong number of args (1) passed to: core/eval43003/defc=--43147[0m

  [36m57[0m  [36m(def mcost (cell 20))[0m
  [36m58[0m  [36m(def tipper (cell 15))[0m
  [33m59[0m  [1m(def tip (defc= (tip-calc mcost tipper)))[0m
  [0m  [0m  [33m         ^--- Wrong number of args (1) passed to: core/eval43003/defc=--43147[0m
  [36m60[0m  [36m(h/div :class "container"[0m
  [36m61[0m  [36m       (h/div[0m
  [36m62[0m  [36m        :html[0m

[36m----  Analysis Error : Please see src/cljs/tip_calculator/core.cljs  ----[0m
[0mCompiling "target/cljsbuild/public/js/app.js" from ["src/cljs" "src/cljc" "env/dev/cljs"]...[0m
[32mSuccessfully compiled "target/cljsbuild/public/js/app.js" in 0.24 seconds.[0m
notifying browser that file changed:  target/cljsbuild/public/js/out/tip_calculator/core.js
[0mCompiling "target/cljsbuild/public/js/app.js" from ["src/cljs" "src/cljc" "env/dev/cljs"]...[0m
[32mSuccessfully compiled "target/cljsbuild/public/js/app.js" in 0.236 seconds.[0m
notifying browser that file changed:  target/cljsbuild/public/js/out/tip_calculator/core.js
[0mCompiling "target/cljsbuild/public/js/app.js" from ["src/cljs" "src/cljc" "env/dev/cljs"]...[0m
[31mFailed to compile "target/cljsbuild/public/js/app.js" in 0.117 seconds.[0m
[36m----  Could not Read  src/cljs/tip_calculator/core.cljs   line:82  column:37  ----[0m

  [1mMap literal must contain an even number of forms[0m

  [36m80[0m  [36m  (h/td[0m
  [36m81[0m  [36m   (h/input :text :readonly :name "tip"[0m
  [33m82[0m  [1m            :value ~{tip}[0m
  [0m  [0m  [33m                         ^--- Map literal must contain an even number of forms[0m
  [36m83[0m  [36m            :size 4))))[0m
  [36m84[0m  [36m))))[0m

[36m----  Reader Error : Please see src/cljs/tip_calculator/core.cljs  ----[0m
[0mCompiling "target/cljsbuild/public/js/app.js" from ["src/cljs" "src/cljc" "env/dev/cljs"]...[0m
[32mSuccessfully compiled "target/cljsbuild/public/js/app.js" in 0.231 seconds.[0m
notifying browser that file changed:  target/cljsbuild/public/js/out/tip_calculator/core.js
[0mCompiling "target/cljsbuild/public/js/app.js" from ["src/cljs" "src/cljc" "env/dev/cljs"]...[0m
[32mSuccessfully compiled "target/cljsbuild/public/js/app.js" in 0.256 seconds.[0m
notifying browser that file changed:  target/cljsbuild/public/js/out/tip_calculator/core.js
[0mCompiling "target/cljsbuild/public/js/app.js" from ["src/cljs" "src/cljc" "env/dev/cljs"]...[0m
[32mSuccessfully compiled "target/cljsbuild/public/js/app.js" in 0.22 seconds.[0m
notifying browser that file changed:  target/cljsbuild/public/js/out/tip_calculator/core.js
[0mCompiling "target/cljsbuild/public/js/app.js" from ["src/cljs" "src/cljc" "env/dev/cljs"]...[0m
[32mSuccessfully compiled "target/cljsbuild/public/js/app.js" in 0.22 seconds.[0m
notifying browser that file changed:  target/cljsbuild/public/js/out/tip_calculator/core.js
[0mCompiling "target/cljsbuild/public/js/app.js" from ["src/cljs" "src/cljc" "env/dev/cljs"]...[0m
[32mSuccessfully compiled "target/cljsbuild/public/js/app.js" in 0.246 seconds.[0m
notifying browser that file changed:  target/cljsbuild/public/js/out/tip_calculator/core.js
[0mCompiling "target/cljsbuild/public/js/app.js" from ["src/cljs" "src/cljc" "env/dev/cljs"]...[0m
[32mSuccessfully compiled "target/cljsbuild/public/js/app.js" in 0.235 seconds.[0m
notifying browser that file changed:  target/cljsbuild/public/js/out/tip_calculator/core.js
[0mCompiling "target/cljsbuild/public/js/app.js" from ["src/cljs" "src/cljc" "env/dev/cljs"]...[0m
[32mSuccessfully compiled "target/cljsbuild/public/js/app.js" in 0.237 seconds.[0m
notifying browser that file changed:  target/cljsbuild/public/js/out/tip_calculator/core.js
[0mCompiling "target/cljsbuild/public/js/app.js" from ["src/cljs" "src/cljc" "env/dev/cljs"]...[0m
[32mSuccessfully compiled "target/cljsbuild/public/js/app.js" in 0.238 seconds.[0m
notifying browser that file changed:  target/cljsbuild/public/js/out/tip_calculator/core.js
[0mCompiling "target/cljsbuild/public/js/app.js" from ["src/cljs" "src/cljc" "env/dev/cljs"]...[0m
[32mSuccessfully compiled "target/cljsbuild/public/js/app.js" in 0.234 seconds.[0m
notifying browser that file changed:  target/cljsbuild/public/js/out/tip_calculator/core.js
[0mCompiling "target/cljsbuild/public/js/app.js" from ["src/cljs" "src/cljc" "env/dev/cljs"]...[0m
[32mSuccessfully compiled "target/cljsbuild/public/js/app.js" in 0.219 seconds.[0m
notifying browser that file changed:  target/cljsbuild/public/js/out/tip_calculator/core.js
[0mCompiling "target/cljsbuild/public/js/app.js" from ["src/cljs" "src/cljc" "env/dev/cljs"]...[0m
[32mSuccessfully compiled "target/cljsbuild/public/js/app.js" in 0.231 seconds.[0m
notifying browser that file changed:  target/cljsbuild/public/js/out/tip_calculator/core.js
[0mCompiling "target/cljsbuild/public/js/app.js" from ["src/cljs" "src/cljc" "env/dev/cljs"]...[0m
[32mSuccessfully compiled "target/cljsbuild/public/js/app.js" in 0.224 seconds.[0m
notifying browser that file changed:  target/cljsbuild/public/js/out/tip_calculator/core.js
[0mCompiling "target/cljsbuild/public/js/app.js" from ["src/cljs" "src/cljc" "env/dev/cljs"]...[0m
[32mSuccessfully compiled "target/cljsbuild/public/js/app.js" in 0.247 seconds.[0m
notifying browser that file changed:  target/cljsbuild/public/js/out/tip_calculator/core.js
[0mCompiling "target/cljsbuild/public/js/app.js" from ["src/cljs" "src/cljc" "env/dev/cljs"]...[0m
[36m----  Compiler Warning on   src/cljs/tip_calculator/core.cljs   line:63  column:11  ----[0m

  [1mUse of undeclared Var tip-calculator.core/text[0m

  [36m59[0m  [36m(defc= tiptotal (tip-calc mcost tipper))[0m
  [36m60[0m  [36m(h/div :class "container"[0m
  [36m61[0m  [36m       (h/div[0m
  [36m62[0m  [36m        :html[0m
  [33m63[0m  [1m        (cell=[0m
  [0m  [0m  [33m        ^--- Use of undeclared Var tip-calculator.core/text[0m
  [36m64[0m  [36m         (h/table[0m
  [36m65[0m  [36m          (h/tr[0m
  [36m66[0m  [36m           (h/td :css {:text-align "right"}[0m
  [36m67[0m  [36m                 (h/label "Meal cost:"))[0m
  [36m68[0m  [36m           (h/td[0m

[36m----  Compiler Warning : Please see src/cljs/tip_calculator/core.cljs  ----[0m
[32mSuccessfully compiled "target/cljsbuild/public/js/app.js" in 0.295 seconds.[0m
notifying browser that file changed:  target/cljsbuild/public/js/out/tip_calculator/core.js
[0mCompiling "target/cljsbuild/public/js/app.js" from ["src/cljs" "src/cljc" "env/dev/cljs"]...[0m
[36m----  Compiler Warning on   src/cljs/tip_calculator/core.cljs   line:80  column:21  ----[0m

  [1mUse of undeclared Var tip-calculator.core/text[0m

  [36m76[0m  [36m            (h/tr[0m
  [36m77[0m  [36m             (h/td :css {:text-align "right"}[0m
  [36m78[0m  [36m              (h/label "Total Tip:"))[0m
  [36m79[0m  [36m             (h/td[0m
  [33m80[0m  [1m              (h/p (text "~{tiptotal}"))))))))[0m
  [0m  [0m  [33m                    ^--- Use of undeclared Var tip-calculator.core/text[0m
  [36m81[0m  [36m[0m
  [36m82[0m  [36m[0m
  [36m83[0m  [36m(h/defelem page [][0m
  [36m84[0m  [36m  (h/div :id "app"[0m
  [36m85[0m  [36m    (navbar)[0m

[36m----  Compiler Warning : Please see src/cljs/tip_calculator/core.cljs  ----[0m
[32mSuccessfully compiled "target/cljsbuild/public/js/app.js" in 0.273 seconds.[0m
notifying browser that file changed:  target/cljsbuild/public/js/out/tip_calculator/core.js
[0mCompiling "target/cljsbuild/public/js/app.js" from ["src/cljs" "src/cljc" "env/dev/cljs"]...[0m
[32mSuccessfully compiled "target/cljsbuild/public/js/app.js" in 0.233 seconds.[0m
notifying browser that file changed:  target/cljsbuild/public/js/out/tip_calculator/core.js
[0mCompiling "target/cljsbuild/public/js/app.js" from ["src/cljs" "src/cljc" "env/dev/cljs"]...[0m
[32mSuccessfully compiled "target/cljsbuild/public/js/app.js" in 0.237 seconds.[0m
notifying browser that file changed:  target/cljsbuild/public/js/out/tip_calculator/core.js
[0mCompiling "target/cljsbuild/public/js/app.js" from ["src/cljs" "src/cljc" "env/dev/cljs"]...[0m
[32mSuccessfully compiled "target/cljsbuild/public/js/app.js" in 0.221 seconds.[0m
notifying browser that file changed:  target/cljsbuild/public/js/out/tip_calculator/core.js
[0mCompiling "target/cljsbuild/public/js/app.js" from ["src/cljs" "src/cljc" "env/dev/cljs"]...[0m
[32mSuccessfully compiled "target/cljsbuild/public/js/app.js" in 0.224 seconds.[0m
notifying browser that file changed:  target/cljsbuild/public/js/out/tip_calculator/core.js
[0mCompiling "target/cljsbuild/public/js/app.js" from ["src/cljs" "src/cljc" "env/dev/cljs"]...[0m
[32mSuccessfully compiled "target/cljsbuild/public/js/app.js" in 0.216 seconds.[0m
notifying browser that file changed:  target/cljsbuild/public/js/out/tip_calculator/core.js
[0mCompiling "target/cljsbuild/public/js/app.js" from ["src/cljs" "src/cljc" "env/dev/cljs"]...[0m
[32mSuccessfully compiled "target/cljsbuild/public/js/app.js" in 0.233 seconds.[0m
notifying browser that file changed:  target/cljsbuild/public/js/out/tip_calculator/core.js
[0mCompiling "target/cljsbuild/public/js/app.js" from ["src/cljs" "src/cljc" "env/dev/cljs"]...[0m
[32mSuccessfully compiled "target/cljsbuild/public/js/app.js" in 0.216 seconds.[0m
notifying browser that file changed:  target/cljsbuild/public/js/out/tip_calculator/core.js
[0mCompiling "target/cljsbuild/public/js/app.js" from ["src/cljs" "src/cljc" "env/dev/cljs"]...[0m
[32mSuccessfully compiled "target/cljsbuild/public/js/app.js" in 0.244 seconds.[0m
notifying browser that file changed:  target/cljsbuild/public/js/out/tip_calculator/core.js
[0mCompiling "target/cljsbuild/public/js/app.js" from ["src/cljs" "src/cljc" "env/dev/cljs"]...[0m
[32mSuccessfully compiled "target/cljsbuild/public/js/app.js" in 0.222 seconds.[0m
notifying browser that file changed:  target/cljsbuild/public/js/out/tip_calculator/core.js
[0mCompiling "target/cljsbuild/public/js/app.js" from ["src/cljs" "src/cljc" "env/dev/cljs"]...[0m
[32mSuccessfully compiled "target/cljsbuild/public/js/app.js" in 0.238 seconds.[0m
notifying browser that file changed:  target/cljsbuild/public/js/out/tip_calculator/core.js
[0mCompiling "target/cljsbuild/public/js/app.js" from ["src/cljs" "src/cljc" "env/dev/cljs"]...[0m
[32mSuccessfully compiled "target/cljsbuild/public/js/app.js" in 0.227 seconds.[0m
notifying browser that file changed:  target/cljsbuild/public/js/out/tip_calculator/core.js
[0mCompiling "target/cljsbuild/public/js/app.js" from ["src/cljs" "src/cljc" "env/dev/cljs"]...[0m
[32mSuccessfully compiled "target/cljsbuild/public/js/app.js" in 0.218 seconds.[0m
notifying browser that file changed:  target/cljsbuild/public/js/out/tip_calculator/core.js
[0mCompiling "target/cljsbuild/public/js/app.js" from ["src/cljs" "src/cljc" "env/dev/cljs"]...[0m
[32mSuccessfully compiled "target/cljsbuild/public/js/app.js" in 0.259 seconds.[0m
notifying browser that file changed:  target/cljsbuild/public/js/out/tip_calculator/core.js
[0mCompiling "target/cljsbuild/public/js/app.js" from ["src/cljs" "src/cljc" "env/dev/cljs"]...[0m
[32mSuccessfully compiled "target/cljsbuild/public/js/app.js" in 0.247 seconds.[0m
notifying browser that file changed:  target/cljsbuild/public/js/out/tip_calculator/core.js
